<?xml version="1.0" encoding="UTF-8"?>
<robot generator="Robot 7.3 (Python 3.12.4 on darwin)" generated="2025-06-07T17:45:00.760711" rpa="false" schemaversion="5">
<suite id="s1" name="MyAvia TestSuite WebApp" source="/Users/apple/WorkSpace/ROBOTFrameWORK/MyAvia_TestSuite_WebApp">
<suite id="s1-s1" name="navigationOnHome" source="/Users/apple/WorkSpace/ROBOTFrameWORK/MyAvia_TestSuite_WebApp/navigationOnHome.robot">
<test id="s1-s1-t1" name="Naviagte on Home page" line="21">
<kw name="Setup Actions" owner="SetUp" type="SETUP">
<kw name="Open Browser" owner="SeleniumLibrary">
<msg time="2025-06-07T17:45:01.145317" level="INFO">Opening browser 'Chrome' to base url 'https://practicetestautomation.com/practice-test-login/'.</msg>
<arg>${URL}</arg>
<arg>${BROWSER}</arg>
<doc>Opens a new browser instance to the optional ``url``.</doc>
<status status="PASS" start="2025-06-07T17:45:01.144693" elapsed="4.558657"/>
</kw>
<kw name="Set Global Variable" owner="BuiltIn">
<msg time="2025-06-07T17:45:05.704607" level="INFO">${browser} = Chrome</msg>
<arg>${browser}</arg>
<arg>${BROWSER}</arg>
<doc>Makes a variable available globally in all tests and suites.</doc>
<status status="PASS" start="2025-06-07T17:45:05.704025" elapsed="0.000663"/>
</kw>
<kw name="Maximize Browser Window" owner="SeleniumLibrary">
<doc>Maximizes current browser window.</doc>
<status status="PASS" start="2025-06-07T17:45:05.704863" elapsed="0.413564"/>
</kw>
<kw name="Log" owner="BuiltIn">
<msg time="2025-06-07T17:45:06.119515" level="INFO">Running tests on browser: Chrome</msg>
<arg>Running tests on browser: ${BROWSER}</arg>
<doc>Logs the given message with the given level.</doc>
<status status="PASS" start="2025-06-07T17:45:06.118826" elapsed="0.000844"/>
</kw>
<kw name="Log" owner="BuiltIn">
<msg time="2025-06-07T17:45:06.120862" level="INFO">Browser opened and maximized</msg>
<arg>Browser opened and maximized</arg>
<doc>Logs the given message with the given level.</doc>
<status status="PASS" start="2025-06-07T17:45:06.120005" elapsed="0.001127"/>
</kw>
<status status="PASS" start="2025-06-07T17:45:01.142554" elapsed="4.978962"/>
</kw>
<kw name="Perform Home Page Navigation">
<kw name="Input Text" owner="SeleniumLibrary">
<msg time="2025-06-07T17:45:06.125359" level="INFO">Typing text 'student' into text field 'id:username'.</msg>
<arg>${USER_NAME}</arg>
<arg>${usn}</arg>
<doc>Types the given ``text`` into the text field identified by ``locator``.</doc>
<status status="PASS" start="2025-06-07T17:45:06.123871" elapsed="0.350793"/>
</kw>
<kw name="Input Text" owner="SeleniumLibrary">
<msg time="2025-06-07T17:45:06.475965" level="INFO">Typing text 'Password123' into text field 'id:password'.</msg>
<arg>${PASS_WORD}</arg>
<arg>${passc}</arg>
<doc>Types the given ``text`` into the text field identified by ``locator``.</doc>
<status status="PASS" start="2025-06-07T17:45:06.475118" elapsed="0.095224"/>
</kw>
<kw name="Click Button" owner="SeleniumLibrary">
<msg time="2025-06-07T17:45:06.570948" level="INFO">Clicking button 'id:submit'.</msg>
<arg>${LOGIN_BUTTON}</arg>
<doc>Clicks the button identified by ``locator``.</doc>
<status status="PASS" start="2025-06-07T17:45:06.570588" elapsed="1.682850"/>
</kw>
<kw name="Click Element" owner="SeleniumLibrary">
<msg time="2025-06-07T17:45:08.255153" level="INFO">Clicking element 'xpath=//li[@id="menu-item-43"]/a'.</msg>
<arg>${HOME_TAB}</arg>
<doc>Click the element identified by ``locator``.</doc>
<status status="PASS" start="2025-06-07T17:45:08.254277" elapsed="1.146077"/>
</kw>
<kw name="Wait Until Page Contains" owner="SeleniumLibrary">
<arg>Welcome to Practice Test Automation!</arg>
<doc>Waits until ``text`` appears on the current page.</doc>
<status status="PASS" start="2025-06-07T17:45:09.400575" elapsed="0.012478"/>
</kw>
<kw name="Log" owner="BuiltIn">
<msg time="2025-06-07T17:45:09.413515" level="INFO">Capturing screenshot after successful Welcome</msg>
<arg>Capturing screenshot after successful Welcome</arg>
<doc>Logs the given message with the given level.</doc>
<status status="PASS" start="2025-06-07T17:45:09.413277" elapsed="0.000325"/>
</kw>
<kw name="Capture Page Screenshot" owner="SeleniumLibrary">
<msg time="2025-06-07T17:45:09.904806" level="INFO" html="true">&lt;/td&gt;&lt;/tr&gt;&lt;tr&gt;&lt;td colspan="3"&gt;&lt;a href="Naviagte%20on%20Home%20page_Chrome.png"&gt;&lt;img src="Naviagte%20on%20Home%20page_Chrome.png" width="800px"&gt;&lt;/a&gt;</msg>
<arg>${TEST_NAME}_${browser}.png</arg>
<doc>Takes a screenshot of the current page and embeds it into a log file.</doc>
<status status="PASS" start="2025-06-07T17:45:09.413769" elapsed="0.491184"/>
</kw>
<arg>student</arg>
<arg>Password123</arg>
<status status="PASS" start="2025-06-07T17:45:06.122825" elapsed="3.782404"/>
</kw>
<kw name="Teardown Actions" owner="TearDown" type="TEARDOWN">
<kw name="Close Browser" owner="SeleniumLibrary">
<doc>Closes the current browser.</doc>
<status status="PASS" start="2025-06-07T17:45:09.906517" elapsed="0.159501"/>
</kw>
<kw name="Log" owner="BuiltIn">
<msg time="2025-06-07T17:45:10.066812" level="INFO">Browser closed</msg>
<arg>Browser closed</arg>
<doc>Logs the given message with the given level.</doc>
<status status="PASS" start="2025-06-07T17:45:10.066394" elapsed="0.000590"/>
</kw>
<status status="PASS" start="2025-06-07T17:45:09.905748" elapsed="0.161655"/>
</kw>
<status status="PASS" start="2025-06-07T17:45:01.132398" elapsed="8.935358"/>
</test>
<test id="s1-s1-t2" name="Navigate on Practice page" line="23">
<kw name="Setup Actions" owner="SetUp" type="SETUP">
<kw name="Open Browser" owner="SeleniumLibrary">
<msg time="2025-06-07T17:45:10.071381" level="INFO">Opening browser 'Chrome' to base url 'https://practicetestautomation.com/practice-test-login/'.</msg>
<arg>${URL}</arg>
<arg>${BROWSER}</arg>
<doc>Opens a new browser instance to the optional ``url``.</doc>
<status status="PASS" start="2025-06-07T17:45:10.070715" elapsed="4.457892"/>
</kw>
<kw name="Set Global Variable" owner="BuiltIn">
<msg time="2025-06-07T17:45:14.530789" level="INFO">${browser} = Chrome</msg>
<arg>${browser}</arg>
<arg>${BROWSER}</arg>
<doc>Makes a variable available globally in all tests and suites.</doc>
<status status="PASS" start="2025-06-07T17:45:14.529519" elapsed="0.001466"/>
</kw>
<kw name="Maximize Browser Window" owner="SeleniumLibrary">
<doc>Maximizes current browser window.</doc>
<status status="PASS" start="2025-06-07T17:45:14.531331" elapsed="0.414099"/>
</kw>
<kw name="Log" owner="BuiltIn">
<msg time="2025-06-07T17:45:14.946181" level="INFO">Running tests on browser: Chrome</msg>
<arg>Running tests on browser: ${BROWSER}</arg>
<doc>Logs the given message with the given level.</doc>
<status status="PASS" start="2025-06-07T17:45:14.945732" elapsed="0.000541"/>
</kw>
<kw name="Log" owner="BuiltIn">
<msg time="2025-06-07T17:45:14.946720" level="INFO">Browser opened and maximized</msg>
<arg>Browser opened and maximized</arg>
<doc>Logs the given message with the given level.</doc>
<status status="PASS" start="2025-06-07T17:45:14.946495" elapsed="0.000295"/>
</kw>
<status status="PASS" start="2025-06-07T17:45:10.069663" elapsed="4.877272"/>
</kw>
<kw name="Perform Practice Page Navigation">
<kw name="Input Text" owner="SeleniumLibrary">
<msg time="2025-06-07T17:45:14.948563" level="INFO">Typing text 'student' into text field 'id:username'.</msg>
<arg>${USER_NAME}</arg>
<arg>${usn}</arg>
<doc>Types the given ``text`` into the text field identified by ``locator``.</doc>
<status status="PASS" start="2025-06-07T17:45:14.947956" elapsed="0.317833"/>
</kw>
<kw name="Input Text" owner="SeleniumLibrary">
<msg time="2025-06-07T17:45:15.266848" level="INFO">Typing text 'Password123' into text field 'id:password'.</msg>
<arg>${PASS_WORD}</arg>
<arg>${passc}</arg>
<doc>Types the given ``text`` into the text field identified by ``locator``.</doc>
<status status="PASS" start="2025-06-07T17:45:15.266167" elapsed="0.094041"/>
</kw>
<kw name="Click Button" owner="SeleniumLibrary">
<msg time="2025-06-07T17:45:15.361277" level="INFO">Clicking button 'id:submit'.</msg>
<arg>${LOGIN_BUTTON}</arg>
<doc>Clicks the button identified by ``locator``.</doc>
<status status="PASS" start="2025-06-07T17:45:15.360631" elapsed="0.849047"/>
</kw>
<kw name="Click Element" owner="SeleniumLibrary">
<msg time="2025-06-07T17:45:16.211057" level="INFO">Clicking element 'xpath=//*[@id="menu-item-20"]'.</msg>
<arg>${PRACTICE_TAB}</arg>
<doc>Click the element identified by ``locator``.</doc>
<status status="PASS" start="2025-06-07T17:45:16.210199" elapsed="0.685355"/>
</kw>
<kw name="Wait Until Page Contains" owner="SeleniumLibrary">
<arg>Practice</arg>
<doc>Waits until ``text`` appears on the current page.</doc>
<status status="PASS" start="2025-06-07T17:45:16.895916" elapsed="0.024091"/>
</kw>
<kw name="Log" owner="BuiltIn">
<msg time="2025-06-07T17:45:16.920793" level="INFO">Capturing screenshot after successful Pracice</msg>
<arg>Capturing screenshot after successful Pracice</arg>
<doc>Logs the given message with the given level.</doc>
<status status="PASS" start="2025-06-07T17:45:16.920392" elapsed="0.000547"/>
</kw>
<kw name="Capture Page Screenshot" owner="SeleniumLibrary">
<msg time="2025-06-07T17:45:17.446303" level="INFO" html="true">&lt;/td&gt;&lt;/tr&gt;&lt;tr&gt;&lt;td colspan="3"&gt;&lt;a href="Navigate%20on%20Practice%20page_Chrome.png"&gt;&lt;img src="Navigate%20on%20Practice%20page_Chrome.png" width="800px"&gt;&lt;/a&gt;</msg>
<arg>${TEST_NAME}_${browser}.png</arg>
<doc>Takes a screenshot of the current page and embeds it into a log file.</doc>
<status status="PASS" start="2025-06-07T17:45:16.921301" elapsed="0.525135"/>
</kw>
<arg>student</arg>
<arg>Password123</arg>
<status status="PASS" start="2025-06-07T17:45:14.947312" elapsed="2.499254"/>
</kw>
<kw name="Teardown Actions" owner="TearDown" type="TEARDOWN">
<kw name="Close Browser" owner="SeleniumLibrary">
<doc>Closes the current browser.</doc>
<status status="PASS" start="2025-06-07T17:45:17.447543" elapsed="0.105276"/>
</kw>
<kw name="Log" owner="BuiltIn">
<msg time="2025-06-07T17:45:17.553489" level="INFO">Browser closed</msg>
<arg>Browser closed</arg>
<doc>Logs the given message with the given level.</doc>
<status status="PASS" start="2025-06-07T17:45:17.553145" elapsed="0.000481"/>
</kw>
<status status="PASS" start="2025-06-07T17:45:17.446908" elapsed="0.106926"/>
</kw>
<status status="PASS" start="2025-06-07T17:45:10.068761" elapsed="7.485229"/>
</test>
<status status="PASS" start="2025-06-07T17:45:00.808538" elapsed="16.746526"/>
</suite>
<status status="PASS" start="2025-06-07T17:45:00.789175" elapsed="16.767491"/>
</suite>
<statistics>
<total>
<stat pass="2" fail="0" skip="0">All Tests</stat>
</total>
<tag>
</tag>
<suite>
<stat name="MyAvia TestSuite WebApp" id="s1" pass="2" fail="0" skip="0">MyAvia TestSuite WebApp</stat>
<stat name="navigationOnHome" id="s1-s1" pass="2" fail="0" skip="0">MyAvia TestSuite WebApp.navigationOnHome</stat>
</suite>
</statistics>
<errors>
</errors>
</robot>
