<?xml version="1.0" encoding="UTF-8"?>
<robot generator="Robot 7.3 (Python 3.12.4 on darwin)" generated="2025-06-07T17:45:06.969692" rpa="false" schemaversion="5">
<suite id="s1" name="MyAvia TestSuite WebApp" source="/Users/apple/WorkSpace/ROBOTFrameWORK/MyAvia_TestSuite_WebApp">
<suite id="s1-s1" name="navigationOnHome" source="/Users/apple/WorkSpace/ROBOTFrameWORK/MyAvia_TestSuite_WebApp/navigationOnHome.robot">
<test id="s1-s1-t1" name="Naviagte on Home page" line="21">
<kw name="Setup Actions" owner="SetUp" type="SETUP">
<kw name="Open Browser" owner="SeleniumLibrary">
<msg time="2025-06-07T17:45:07.177738" level="INFO">Opening browser 'Edge' to base url 'https://practicetestautomation.com/practice-test-login/'.</msg>
<arg>${URL}</arg>
<arg>${BROWSER}</arg>
<doc>Opens a new browser instance to the optional ``url``.</doc>
<status status="PASS" start="2025-06-07T17:45:07.177424" elapsed="4.462847"/>
</kw>
<kw name="Set Global Variable" owner="BuiltIn">
<msg time="2025-06-07T17:45:11.641896" level="INFO">${browser} = Edge</msg>
<arg>${browser}</arg>
<arg>${BROWSER}</arg>
<doc>Makes a variable available globally in all tests and suites.</doc>
<status status="PASS" start="2025-06-07T17:45:11.641067" elapsed="0.000926"/>
</kw>
<kw name="Maximize Browser Window" owner="SeleniumLibrary">
<doc>Maximizes current browser window.</doc>
<status status="PASS" start="2025-06-07T17:45:11.642224" elapsed="0.437048"/>
</kw>
<kw name="Log" owner="BuiltIn">
<msg time="2025-06-07T17:45:12.080132" level="INFO">Running tests on browser: Edge</msg>
<arg>Running tests on browser: ${BROWSER}</arg>
<doc>Logs the given message with the given level.</doc>
<status status="PASS" start="2025-06-07T17:45:12.079688" elapsed="0.000577"/>
</kw>
<kw name="Log" owner="BuiltIn">
<msg time="2025-06-07T17:45:12.080906" level="INFO">Browser opened and maximized</msg>
<arg>Browser opened and maximized</arg>
<doc>Logs the given message with the given level.</doc>
<status status="PASS" start="2025-06-07T17:45:12.080528" elapsed="0.000485"/>
</kw>
<status status="PASS" start="2025-06-07T17:45:07.176663" elapsed="4.904579"/>
</kw>
<kw name="Perform Home Page Navigation">
<kw name="Input Text" owner="SeleniumLibrary">
<msg time="2025-06-07T17:45:12.083035" level="INFO">Typing text 'student' into text field 'id:username'.</msg>
<arg>${USER_NAME}</arg>
<arg>${usn}</arg>
<doc>Types the given ``text`` into the text field identified by ``locator``.</doc>
<status status="PASS" start="2025-06-07T17:45:12.082319" elapsed="0.220176"/>
</kw>
<kw name="Input Text" owner="SeleniumLibrary">
<msg time="2025-06-07T17:45:12.303679" level="INFO">Typing text 'Password123' into text field 'id:password'.</msg>
<arg>${PASS_WORD}</arg>
<arg>${passc}</arg>
<doc>Types the given ``text`` into the text field identified by ``locator``.</doc>
<status status="PASS" start="2025-06-07T17:45:12.303149" elapsed="0.111386"/>
</kw>
<kw name="Click Button" owner="SeleniumLibrary">
<msg time="2025-06-07T17:45:12.415130" level="INFO">Clicking button 'id:submit'.</msg>
<arg>${LOGIN_BUTTON}</arg>
<doc>Clicks the button identified by ``locator``.</doc>
<status status="PASS" start="2025-06-07T17:45:12.414776" elapsed="0.926186"/>
</kw>
<kw name="Click Element" owner="SeleniumLibrary">
<msg time="2025-06-07T17:45:13.342114" level="INFO">Clicking element 'xpath=//li[@id="menu-item-43"]/a'.</msg>
<arg>${HOME_TAB}</arg>
<doc>Click the element identified by ``locator``.</doc>
<status status="PASS" start="2025-06-07T17:45:13.341293" elapsed="1.168085"/>
</kw>
<kw name="Wait Until Page Contains" owner="SeleniumLibrary">
<arg>Welcome to Practice Test Automation!</arg>
<doc>Waits until ``text`` appears on the current page.</doc>
<status status="PASS" start="2025-06-07T17:45:14.510127" elapsed="0.019379"/>
</kw>
<kw name="Log" owner="BuiltIn">
<msg time="2025-06-07T17:45:14.530283" level="INFO">Capturing screenshot after successful Welcome</msg>
<arg>Capturing screenshot after successful Welcome</arg>
<doc>Logs the given message with the given level.</doc>
<status status="PASS" start="2025-06-07T17:45:14.529891" elapsed="0.000594"/>
</kw>
<kw name="Capture Page Screenshot" owner="SeleniumLibrary">
<msg time="2025-06-07T17:45:15.085954" level="INFO" html="true">&lt;/td&gt;&lt;/tr&gt;&lt;tr&gt;&lt;td colspan="3"&gt;&lt;a href="Naviagte%20on%20Home%20page_Edge.png"&gt;&lt;img src="Naviagte%20on%20Home%20page_Edge.png" width="800px"&gt;&lt;/a&gt;</msg>
<arg>${TEST_NAME}_${browser}.png</arg>
<doc>Takes a screenshot of the current page and embeds it into a log file.</doc>
<status status="PASS" start="2025-06-07T17:45:14.530741" elapsed="0.555365"/>
</kw>
<arg>student</arg>
<arg>Password123</arg>
<status status="PASS" start="2025-06-07T17:45:12.081759" elapsed="3.004483"/>
</kw>
<kw name="Teardown Actions" owner="TearDown" type="TEARDOWN">
<kw name="Close Browser" owner="SeleniumLibrary">
<doc>Closes the current browser.</doc>
<status status="PASS" start="2025-06-07T17:45:15.087205" elapsed="0.108047"/>
</kw>
<kw name="Log" owner="BuiltIn">
<msg time="2025-06-07T17:45:15.195997" level="INFO">Browser closed</msg>
<arg>Browser closed</arg>
<doc>Logs the given message with the given level.</doc>
<status status="PASS" start="2025-06-07T17:45:15.195651" elapsed="0.000432"/>
</kw>
<status status="PASS" start="2025-06-07T17:45:15.086579" elapsed="0.109645"/>
</kw>
<status status="PASS" start="2025-06-07T17:45:07.175879" elapsed="8.020630"/>
</test>
<test id="s1-s1-t2" name="Navigate on Practice page" line="23">
<kw name="Setup Actions" owner="SetUp" type="SETUP">
<kw name="Open Browser" owner="SeleniumLibrary">
<msg time="2025-06-07T17:45:15.200265" level="INFO">Opening browser 'Edge' to base url 'https://practicetestautomation.com/practice-test-login/'.</msg>
<arg>${URL}</arg>
<arg>${BROWSER}</arg>
<doc>Opens a new browser instance to the optional ``url``.</doc>
<status status="PASS" start="2025-06-07T17:45:15.199234" elapsed="4.795062"/>
</kw>
<kw name="Set Global Variable" owner="BuiltIn">
<msg time="2025-06-07T17:45:19.995866" level="INFO">${browser} = Edge</msg>
<arg>${browser}</arg>
<arg>${BROWSER}</arg>
<doc>Makes a variable available globally in all tests and suites.</doc>
<status status="PASS" start="2025-06-07T17:45:19.995131" elapsed="0.000835"/>
</kw>
<kw name="Maximize Browser Window" owner="SeleniumLibrary">
<doc>Maximizes current browser window.</doc>
<status status="PASS" start="2025-06-07T17:45:19.996191" elapsed="0.459994"/>
</kw>
<kw name="Log" owner="BuiltIn">
<msg time="2025-06-07T17:45:20.457064" level="INFO">Running tests on browser: Edge</msg>
<arg>Running tests on browser: ${BROWSER}</arg>
<doc>Logs the given message with the given level.</doc>
<status status="PASS" start="2025-06-07T17:45:20.456556" elapsed="0.000593"/>
</kw>
<kw name="Log" owner="BuiltIn">
<msg time="2025-06-07T17:45:20.457513" level="INFO">Browser opened and maximized</msg>
<arg>Browser opened and maximized</arg>
<doc>Logs the given message with the given level.</doc>
<status status="PASS" start="2025-06-07T17:45:20.457328" elapsed="0.000254"/>
</kw>
<status status="PASS" start="2025-06-07T17:45:15.198059" elapsed="5.259678"/>
</kw>
<kw name="Perform Practice Page Navigation">
<kw name="Input Text" owner="SeleniumLibrary">
<msg time="2025-06-07T17:45:20.459353" level="INFO">Typing text 'student' into text field 'id:username'.</msg>
<arg>${USER_NAME}</arg>
<arg>${usn}</arg>
<doc>Types the given ``text`` into the text field identified by ``locator``.</doc>
<status status="PASS" start="2025-06-07T17:45:20.458869" elapsed="0.188705"/>
</kw>
<kw name="Input Text" owner="SeleniumLibrary">
<msg time="2025-06-07T17:45:20.648203" level="INFO">Typing text 'Password123' into text field 'id:password'.</msg>
<arg>${PASS_WORD}</arg>
<arg>${passc}</arg>
<doc>Types the given ``text`` into the text field identified by ``locator``.</doc>
<status status="PASS" start="2025-06-07T17:45:20.647780" elapsed="0.064272"/>
</kw>
<kw name="Click Button" owner="SeleniumLibrary">
<msg time="2025-06-07T17:45:20.712835" level="INFO">Clicking button 'id:submit'.</msg>
<arg>${LOGIN_BUTTON}</arg>
<doc>Clicks the button identified by ``locator``.</doc>
<status status="PASS" start="2025-06-07T17:45:20.712289" elapsed="0.972749"/>
</kw>
<kw name="Click Element" owner="SeleniumLibrary">
<msg time="2025-06-07T17:45:21.685974" level="INFO">Clicking element 'xpath=//*[@id="menu-item-20"]'.</msg>
<arg>${PRACTICE_TAB}</arg>
<doc>Click the element identified by ``locator``.</doc>
<status status="PASS" start="2025-06-07T17:45:21.685566" elapsed="0.499512"/>
</kw>
<kw name="Wait Until Page Contains" owner="SeleniumLibrary">
<arg>Practice</arg>
<doc>Waits until ``text`` appears on the current page.</doc>
<status status="PASS" start="2025-06-07T17:45:22.185516" elapsed="0.017243"/>
</kw>
<kw name="Log" owner="BuiltIn">
<msg time="2025-06-07T17:45:22.203302" level="INFO">Capturing screenshot after successful Pracice</msg>
<arg>Capturing screenshot after successful Pracice</arg>
<doc>Logs the given message with the given level.</doc>
<status status="PASS" start="2025-06-07T17:45:22.203022" elapsed="0.000356"/>
</kw>
<kw name="Capture Page Screenshot" owner="SeleniumLibrary">
<msg time="2025-06-07T17:45:22.620003" level="INFO" html="true">&lt;/td&gt;&lt;/tr&gt;&lt;tr&gt;&lt;td colspan="3"&gt;&lt;a href="Navigate%20on%20Practice%20page_Edge.png"&gt;&lt;img src="Navigate%20on%20Practice%20page_Edge.png" width="800px"&gt;&lt;/a&gt;</msg>
<arg>${TEST_NAME}_${browser}.png</arg>
<doc>Takes a screenshot of the current page and embeds it into a log file.</doc>
<status status="PASS" start="2025-06-07T17:45:22.203556" elapsed="0.416637"/>
</kw>
<arg>student</arg>
<arg>Password123</arg>
<status status="PASS" start="2025-06-07T17:45:20.458143" elapsed="2.162234"/>
</kw>
<kw name="Teardown Actions" owner="TearDown" type="TEARDOWN">
<kw name="Close Browser" owner="SeleniumLibrary">
<doc>Closes the current browser.</doc>
<status status="PASS" start="2025-06-07T17:45:22.621490" elapsed="0.107466"/>
</kw>
<kw name="Log" owner="BuiltIn">
<msg time="2025-06-07T17:45:22.729825" level="INFO">Browser closed</msg>
<arg>Browser closed</arg>
<doc>Logs the given message with the given level.</doc>
<status status="PASS" start="2025-06-07T17:45:22.729331" elapsed="0.000669"/>
</kw>
<status status="PASS" start="2025-06-07T17:45:22.620858" elapsed="0.109320"/>
</kw>
<status status="PASS" start="2025-06-07T17:45:15.197131" elapsed="7.533177"/>
</test>
<status status="PASS" start="2025-06-07T17:45:07.007583" elapsed="15.724083"/>
</suite>
<status status="PASS" start="2025-06-07T17:45:06.988731" elapsed="15.744220"/>
</suite>
<statistics>
<total>
<stat pass="2" fail="0" skip="0">All Tests</stat>
</total>
<tag>
</tag>
<suite>
<stat name="MyAvia TestSuite WebApp" id="s1" pass="2" fail="0" skip="0">MyAvia TestSuite WebApp</stat>
<stat name="navigationOnHome" id="s1-s1" pass="2" fail="0" skip="0">MyAvia TestSuite WebApp.navigationOnHome</stat>
</suite>
</statistics>
<errors>
</errors>
</robot>
