<?xml version="1.0" encoding="UTF-8"?>
<robot generator="Rebot 7.3 (Python 3.12.4 on darwin)" generated="2025-06-07T17:45:23.179007" rpa="false" schemaversion="5">
<suite id="s1" name="MyAvia TestSuite WebApp &amp; MyAvia TestSuite WebApp &amp; MyAvia TestSuite WebApp">
<suite id="s1-s1" name="MyAvia TestSuite WebApp" source="/Users/apple/WorkSpace/ROBOTFrameWORK/MyAvia_TestSuite_WebApp">
<suite id="s1-s1-s1" name="Login" source="/Users/apple/WorkSpace/ROBOTFrameWORK/MyAvia_TestSuite_WebApp/Login.robot">
<test id="s1-s1-s1-t1" name="logon to portal for valid user" line="17">
<kw name="Setup Actions" owner="SetUp" type="SETUP">
<kw name="Open Browser" owner="SeleniumLibrary">
<msg time="2025-06-07T17:44:29.271239" level="INFO">Opening browser 'Chrome' to base url 'https://practicetestautomation.com/practice-test-login/'.</msg>
<arg>${URL}</arg>
<arg>${BROWSER}</arg>
<doc>Opens a new browser instance to the optional ``url``.</doc>
<status status="PASS" start="2025-06-07T17:44:29.270924" elapsed="4.664463"/>
</kw>
<kw name="Set Global Variable" owner="BuiltIn">
<msg time="2025-06-07T17:44:33.937438" level="INFO">${browser} = Chrome</msg>
<arg>${browser}</arg>
<arg>${BROWSER}</arg>
<doc>Makes a variable available globally in all tests and suites.</doc>
<status status="PASS" start="2025-06-07T17:44:33.936380" elapsed="0.001169"/>
</kw>
<kw name="Maximize Browser Window" owner="SeleniumLibrary">
<doc>Maximizes current browser window.</doc>
<status status="PASS" start="2025-06-07T17:44:33.937825" elapsed="0.985047"/>
</kw>
<kw name="Log" owner="BuiltIn">
<msg time="2025-06-07T17:44:34.924552" level="INFO">Running tests on browser: Chrome</msg>
<arg>Running tests on browser: ${BROWSER}</arg>
<doc>Logs the given message with the given level.</doc>
<status status="PASS" start="2025-06-07T17:44:34.923505" elapsed="0.001275"/>
</kw>
<kw name="Log" owner="BuiltIn">
<msg time="2025-06-07T17:44:34.925309" level="INFO">Browser opened and maximized</msg>
<arg>Browser opened and maximized</arg>
<doc>Logs the given message with the given level.</doc>
<status status="PASS" start="2025-06-07T17:44:34.925038" elapsed="0.000356"/>
</kw>
<status status="PASS" start="2025-06-07T17:44:29.270154" elapsed="5.655586"/>
</kw>
<kw name="Perform Login for valid user">
<kw name="Input Text" owner="SeleniumLibrary">
<msg time="2025-06-07T17:44:34.930029" level="INFO">Typing text 'student' into text field 'id:username'.</msg>
<arg>${USER_NAME}</arg>
<arg>${usn}</arg>
<doc>Types the given ``text`` into the text field identified by ``locator``.</doc>
<status status="PASS" start="2025-06-07T17:44:34.928422" elapsed="0.508363"/>
</kw>
<kw name="Input Text" owner="SeleniumLibrary">
<msg time="2025-06-07T17:44:35.438544" level="INFO">Typing text 'Password123' into text field 'id:password'.</msg>
<arg>${PASS_WORD}</arg>
<arg>${passc}</arg>
<doc>Types the given ``text`` into the text field identified by ``locator``.</doc>
<status status="PASS" start="2025-06-07T17:44:35.437356" elapsed="0.102113"/>
</kw>
<kw name="Click Button" owner="SeleniumLibrary">
<msg time="2025-06-07T17:44:35.540945" level="INFO">Clicking button 'id:submit'.</msg>
<arg>${LOGIN_BUTTON}</arg>
<doc>Clicks the button identified by ``locator``.</doc>
<status status="PASS" start="2025-06-07T17:44:35.539928" elapsed="0.926023"/>
</kw>
<kw name="Wait Until Page Contains" owner="SeleniumLibrary">
<arg>Logged In Successfully</arg>
<doc>Waits until ``text`` appears on the current page.</doc>
<status status="PASS" start="2025-06-07T17:44:36.466257" elapsed="0.028981"/>
</kw>
<kw name="Log" owner="BuiltIn">
<msg time="2025-06-07T17:44:36.498238" level="INFO">Capturing screenshot after successful login</msg>
<arg>Capturing screenshot after successful login</arg>
<doc>Logs the given message with the given level.</doc>
<status status="PASS" start="2025-06-07T17:44:36.497445" elapsed="0.000963"/>
</kw>
<kw name="Capture Page Screenshot" owner="SeleniumLibrary">
<msg time="2025-06-07T17:44:37.062239" level="INFO" html="true">&lt;/td&gt;&lt;/tr&gt;&lt;tr&gt;&lt;td colspan="3"&gt;&lt;a href="logon%20to%20portal%20for%20valid%20user_Chrome.png"&gt;&lt;img src="logon%20to%20portal%20for%20valid%20user_Chrome.png" width="800px"&gt;&lt;/a&gt;</msg>
<arg>${TEST_NAME}_${browser}.png</arg>
<doc>Takes a screenshot of the current page and embeds it into a log file.</doc>
<status status="PASS" start="2025-06-07T17:44:36.499219" elapsed="0.563211"/>
</kw>
<arg>student</arg>
<arg>Password123</arg>
<status status="PASS" start="2025-06-07T17:44:34.927155" elapsed="2.135491"/>
</kw>
<kw name="Teardown Actions" owner="TearDown" type="TEARDOWN">
<kw name="Close Browser" owner="SeleniumLibrary">
<doc>Closes the current browser.</doc>
<status status="PASS" start="2025-06-07T17:44:37.064413" elapsed="0.107846"/>
</kw>
<kw name="Log" owner="BuiltIn">
<msg time="2025-06-07T17:44:37.172939" level="INFO">Browser closed</msg>
<arg>Browser closed</arg>
<doc>Logs the given message with the given level.</doc>
<status status="PASS" start="2025-06-07T17:44:37.172572" elapsed="0.000529"/>
</kw>
<status status="PASS" start="2025-06-07T17:44:37.063598" elapsed="0.109817"/>
</kw>
<tag>Smoke_Test_Run_On_Chrome</tag>
<status status="PASS" start="2025-06-07T17:44:29.269327" elapsed="7.904216"/>
</test>
<test id="s1-s1-s1-t2" name="logon to portal for no credentials" line="20">
<kw name="Setup Actions" owner="SetUp" type="SETUP">
<kw name="Open Browser" owner="SeleniumLibrary">
<msg time="2025-06-07T17:44:37.176593" level="INFO">Opening browser 'Chrome' to base url 'https://practicetestautomation.com/practice-test-login/'.</msg>
<arg>${URL}</arg>
<arg>${BROWSER}</arg>
<doc>Opens a new browser instance to the optional ``url``.</doc>
<status status="PASS" start="2025-06-07T17:44:37.175944" elapsed="8.119324"/>
</kw>
<kw name="Set Global Variable" owner="BuiltIn">
<msg time="2025-06-07T17:44:45.296857" level="INFO">${browser} = Chrome</msg>
<arg>${browser}</arg>
<arg>${BROWSER}</arg>
<doc>Makes a variable available globally in all tests and suites.</doc>
<status status="PASS" start="2025-06-07T17:44:45.295872" elapsed="0.001110"/>
</kw>
<kw name="Maximize Browser Window" owner="SeleniumLibrary">
<doc>Maximizes current browser window.</doc>
<status status="PASS" start="2025-06-07T17:44:45.297268" elapsed="0.468270"/>
</kw>
<kw name="Log" owner="BuiltIn">
<msg time="2025-06-07T17:44:45.766718" level="INFO">Running tests on browser: Chrome</msg>
<arg>Running tests on browser: ${BROWSER}</arg>
<doc>Logs the given message with the given level.</doc>
<status status="PASS" start="2025-06-07T17:44:45.765925" elapsed="0.000970"/>
</kw>
<kw name="Log" owner="BuiltIn">
<msg time="2025-06-07T17:44:45.767559" level="INFO">Browser opened and maximized</msg>
<arg>Browser opened and maximized</arg>
<doc>Logs the given message with the given level.</doc>
<status status="PASS" start="2025-06-07T17:44:45.767254" elapsed="0.000418"/>
</kw>
<status status="PASS" start="2025-06-07T17:44:37.175214" elapsed="8.592807"/>
</kw>
<kw name="Perform Login for no credentials">
<kw name="Click Button" owner="SeleniumLibrary">
<msg time="2025-06-07T17:44:45.773193" level="INFO">Clicking button 'id:submit'.</msg>
<arg>${LOGIN_BUTTON}</arg>
<doc>Clicks the button identified by ``locator``.</doc>
<status status="PASS" start="2025-06-07T17:44:45.770329" elapsed="0.115481"/>
</kw>
<kw name="Wait Until Page Contains" owner="SeleniumLibrary">
<arg>Your username is invalid!</arg>
<doc>Waits until ``text`` appears on the current page.</doc>
<status status="PASS" start="2025-06-07T17:44:45.886053" elapsed="0.014637"/>
</kw>
<kw name="Log" owner="BuiltIn">
<msg time="2025-06-07T17:44:45.901254" level="INFO">Capturing screenshot on login</msg>
<arg>Capturing screenshot on login</arg>
<doc>Logs the given message with the given level.</doc>
<status status="PASS" start="2025-06-07T17:44:45.900945" elapsed="0.000384"/>
</kw>
<kw name="Capture Page Screenshot" owner="SeleniumLibrary">
<msg time="2025-06-07T17:44:46.451775" level="INFO" html="true">&lt;/td&gt;&lt;/tr&gt;&lt;tr&gt;&lt;td colspan="3"&gt;&lt;a href="selenium-screenshot-1.png"&gt;&lt;img src="selenium-screenshot-1.png" width="800px"&gt;&lt;/a&gt;</msg>
<doc>Takes a screenshot of the current page and embeds it into a log file.</doc>
<status status="PASS" start="2025-06-07T17:44:45.901506" elapsed="0.550446"/>
</kw>
<status status="PASS" start="2025-06-07T17:44:45.768662" elapsed="0.683548"/>
</kw>
<kw name="Teardown Actions" owner="TearDown" type="TEARDOWN">
<kw name="Close Browser" owner="SeleniumLibrary">
<doc>Closes the current browser.</doc>
<status status="PASS" start="2025-06-07T17:44:46.453087" elapsed="0.130415"/>
</kw>
<kw name="Log" owner="BuiltIn">
<msg time="2025-06-07T17:44:46.584183" level="INFO">Browser closed</msg>
<arg>Browser closed</arg>
<doc>Logs the given message with the given level.</doc>
<status status="PASS" start="2025-06-07T17:44:46.583856" elapsed="0.000412"/>
</kw>
<status status="PASS" start="2025-06-07T17:44:46.452522" elapsed="0.131860"/>
</kw>
<tag>Smoke_Test_Run_On_Chrome</tag>
<status status="PASS" start="2025-06-07T17:44:37.174310" elapsed="9.410227"/>
</test>
<test id="s1-s1-s1-t3" name="logon to portal for invalid user" line="23">
<kw name="Setup Actions" owner="SetUp" type="SETUP">
<kw name="Open Browser" owner="SeleniumLibrary">
<msg time="2025-06-07T17:44:46.587846" level="INFO">Opening browser 'Chrome' to base url 'https://practicetestautomation.com/practice-test-login/'.</msg>
<arg>${URL}</arg>
<arg>${BROWSER}</arg>
<doc>Opens a new browser instance to the optional ``url``.</doc>
<status status="PASS" start="2025-06-07T17:44:46.587479" elapsed="4.531173"/>
</kw>
<kw name="Set Global Variable" owner="BuiltIn">
<msg time="2025-06-07T17:44:51.120695" level="INFO">${browser} = Chrome</msg>
<arg>${browser}</arg>
<arg>${BROWSER}</arg>
<doc>Makes a variable available globally in all tests and suites.</doc>
<status status="PASS" start="2025-06-07T17:44:51.119546" elapsed="0.001336"/>
</kw>
<kw name="Maximize Browser Window" owner="SeleniumLibrary">
<doc>Maximizes current browser window.</doc>
<status status="PASS" start="2025-06-07T17:44:51.121268" elapsed="0.512711"/>
</kw>
<kw name="Log" owner="BuiltIn">
<msg time="2025-06-07T17:44:51.634979" level="INFO">Running tests on browser: Chrome</msg>
<arg>Running tests on browser: ${BROWSER}</arg>
<doc>Logs the given message with the given level.</doc>
<status status="PASS" start="2025-06-07T17:44:51.634372" elapsed="0.000752"/>
</kw>
<kw name="Log" owner="BuiltIn">
<msg time="2025-06-07T17:44:51.635861" level="INFO">Browser opened and maximized</msg>
<arg>Browser opened and maximized</arg>
<doc>Logs the given message with the given level.</doc>
<status status="PASS" start="2025-06-07T17:44:51.635463" elapsed="0.000537"/>
</kw>
<status status="PASS" start="2025-06-07T17:44:46.586843" elapsed="5.049448"/>
</kw>
<kw name="Perform Login for invalid user">
<kw name="Input Text" owner="SeleniumLibrary">
<msg time="2025-06-07T17:44:51.649027" level="INFO">Typing text 'test1' into text field 'id:username'.</msg>
<arg>${USER_NAME}</arg>
<arg>test1</arg>
<doc>Types the given ``text`` into the text field identified by ``locator``.</doc>
<status status="PASS" start="2025-06-07T17:44:51.639353" elapsed="0.395105"/>
</kw>
<kw name="Input Text" owner="SeleniumLibrary">
<msg time="2025-06-07T17:44:52.035478" level="INFO">Typing text 'Password123' into text field 'id:password'.</msg>
<arg>${PASS_WORD}</arg>
<arg>${passc}</arg>
<doc>Types the given ``text`` into the text field identified by ``locator``.</doc>
<status status="PASS" start="2025-06-07T17:44:52.034928" elapsed="0.144621"/>
</kw>
<kw name="Click Button" owner="SeleniumLibrary">
<msg time="2025-06-07T17:44:52.180490" level="INFO">Clicking button 'id:submit'.</msg>
<arg>${LOGIN_BUTTON}</arg>
<doc>Clicks the button identified by ``locator``.</doc>
<status status="PASS" start="2025-06-07T17:44:52.179987" elapsed="0.136060"/>
</kw>
<kw name="Wait Until Page Contains" owner="SeleniumLibrary">
<arg>Your username is invalid!</arg>
<doc>Waits until ``text`` appears on the current page.</doc>
<status status="PASS" start="2025-06-07T17:44:52.316475" elapsed="0.053800"/>
</kw>
<kw name="Log" owner="BuiltIn">
<msg time="2025-06-07T17:44:52.371120" level="INFO">Capturing screenshot on login</msg>
<arg>Capturing screenshot on login</arg>
<doc>Logs the given message with the given level.</doc>
<status status="PASS" start="2025-06-07T17:44:52.370697" elapsed="0.000560"/>
</kw>
<kw name="Capture Page Screenshot" owner="SeleniumLibrary">
<msg time="2025-06-07T17:44:52.991101" level="INFO" html="true">&lt;/td&gt;&lt;/tr&gt;&lt;tr&gt;&lt;td colspan="3"&gt;&lt;a href="logon%20to%20portal%20for%20invalid%20user_Chrome.png"&gt;&lt;img src="logon%20to%20portal%20for%20invalid%20user_Chrome.png" width="800px"&gt;&lt;/a&gt;</msg>
<arg>${TEST_NAME}_${browser}.png</arg>
<doc>Takes a screenshot of the current page and embeds it into a log file.</doc>
<status status="PASS" start="2025-06-07T17:44:52.371591" elapsed="0.619640"/>
</kw>
<arg>Password123</arg>
<status status="PASS" start="2025-06-07T17:44:51.637116" elapsed="1.354241"/>
</kw>
<kw name="Teardown Actions" owner="TearDown" type="TEARDOWN">
<kw name="Close Browser" owner="SeleniumLibrary">
<doc>Closes the current browser.</doc>
<status status="PASS" start="2025-06-07T17:44:52.992207" elapsed="0.161673"/>
</kw>
<kw name="Log" owner="BuiltIn">
<msg time="2025-06-07T17:44:53.154565" level="INFO">Browser closed</msg>
<arg>Browser closed</arg>
<doc>Logs the given message with the given level.</doc>
<status status="PASS" start="2025-06-07T17:44:53.154202" elapsed="0.000536"/>
</kw>
<status status="PASS" start="2025-06-07T17:44:52.991718" elapsed="0.163227"/>
</kw>
<tag>Smoke_Test_Run_On_Chrome</tag>
<status status="PASS" start="2025-06-07T17:44:46.585771" elapsed="6.569340"/>
</test>
<test id="s1-s1-s1-t4" name="logon to portal for invalid password" line="26">
<kw name="Setup Actions" owner="SetUp" type="SETUP">
<kw name="Open Browser" owner="SeleniumLibrary">
<msg time="2025-06-07T17:44:53.158263" level="INFO">Opening browser 'Chrome' to base url 'https://practicetestautomation.com/practice-test-login/'.</msg>
<arg>${URL}</arg>
<arg>${BROWSER}</arg>
<doc>Opens a new browser instance to the optional ``url``.</doc>
<status status="PASS" start="2025-06-07T17:44:53.157795" elapsed="5.043498"/>
</kw>
<kw name="Set Global Variable" owner="BuiltIn">
<msg time="2025-06-07T17:44:58.203271" level="INFO">${browser} = Chrome</msg>
<arg>${browser}</arg>
<arg>${BROWSER}</arg>
<doc>Makes a variable available globally in all tests and suites.</doc>
<status status="PASS" start="2025-06-07T17:44:58.202175" elapsed="0.001352"/>
</kw>
<kw name="Maximize Browser Window" owner="SeleniumLibrary">
<doc>Maximizes current browser window.</doc>
<status status="PASS" start="2025-06-07T17:44:58.203863" elapsed="0.427044"/>
</kw>
<kw name="Log" owner="BuiltIn">
<msg time="2025-06-07T17:44:58.632050" level="INFO">Running tests on browser: Chrome</msg>
<arg>Running tests on browser: ${BROWSER}</arg>
<doc>Logs the given message with the given level.</doc>
<status status="PASS" start="2025-06-07T17:44:58.631232" elapsed="0.001147"/>
</kw>
<kw name="Log" owner="BuiltIn">
<msg time="2025-06-07T17:44:58.633461" level="INFO">Browser opened and maximized</msg>
<arg>Browser opened and maximized</arg>
<doc>Logs the given message with the given level.</doc>
<status status="PASS" start="2025-06-07T17:44:58.632816" elapsed="0.000802"/>
</kw>
<status status="PASS" start="2025-06-07T17:44:53.157222" elapsed="5.476728"/>
</kw>
<kw name="Perform Login for invalid password">
<kw name="Input Text" owner="SeleniumLibrary">
<msg time="2025-06-07T17:44:58.637925" level="INFO">Typing text 'student' into text field 'id:username'.</msg>
<arg>${USER_NAME}</arg>
<arg>${usn}</arg>
<doc>Types the given ``text`` into the text field identified by ``locator``.</doc>
<status status="PASS" start="2025-06-07T17:44:58.636915" elapsed="0.327473"/>
</kw>
<kw name="Input Text" owner="SeleniumLibrary">
<msg time="2025-06-07T17:44:58.966218" level="INFO">Typing text 'test1' into text field 'id:password'.</msg>
<arg>${PASS_WORD}</arg>
<arg>test1</arg>
<doc>Types the given ``text`` into the text field identified by ``locator``.</doc>
<status status="PASS" start="2025-06-07T17:44:58.964768" elapsed="0.188817"/>
</kw>
<kw name="Click Button" owner="SeleniumLibrary">
<msg time="2025-06-07T17:44:59.154777" level="INFO">Clicking button 'id:submit'.</msg>
<arg>${LOGIN_BUTTON}</arg>
<doc>Clicks the button identified by ``locator``.</doc>
<status status="PASS" start="2025-06-07T17:44:59.154025" elapsed="0.109579"/>
</kw>
<kw name="Wait Until Page Contains" owner="SeleniumLibrary">
<arg>Your password is invalid!</arg>
<doc>Waits until ``text`` appears on the current page.</doc>
<status status="PASS" start="2025-06-07T17:44:59.263947" elapsed="0.035800"/>
</kw>
<kw name="Log" owner="BuiltIn">
<msg time="2025-06-07T17:44:59.300551" level="INFO">Capturing screenshot on login</msg>
<arg>Capturing screenshot on login</arg>
<doc>Logs the given message with the given level.</doc>
<status status="PASS" start="2025-06-07T17:44:59.300116" elapsed="0.000517"/>
</kw>
<kw name="Capture Page Screenshot" owner="SeleniumLibrary">
<msg time="2025-06-07T17:44:59.875434" level="INFO" html="true">&lt;/td&gt;&lt;/tr&gt;&lt;tr&gt;&lt;td colspan="3"&gt;&lt;a href="logon%20to%20portal%20for%20invalid%20password_Chrome.png"&gt;&lt;img src="logon%20to%20portal%20for%20invalid%20password_Chrome.png" width="800px"&gt;&lt;/a&gt;</msg>
<arg>${TEST_NAME}_${browser}.png</arg>
<doc>Takes a screenshot of the current page and embeds it into a log file.</doc>
<status status="PASS" start="2025-06-07T17:44:59.300814" elapsed="0.574739"/>
</kw>
<arg>student</arg>
<status status="PASS" start="2025-06-07T17:44:58.635114" elapsed="1.240558"/>
</kw>
<kw name="Teardown Actions" owner="TearDown" type="TEARDOWN">
<kw name="Close Browser" owner="SeleniumLibrary">
<doc>Closes the current browser.</doc>
<status status="PASS" start="2025-06-07T17:44:59.876293" elapsed="0.149480"/>
</kw>
<kw name="Log" owner="BuiltIn">
<msg time="2025-06-07T17:45:00.026630" level="INFO">Browser closed</msg>
<arg>Browser closed</arg>
<doc>Logs the given message with the given level.</doc>
<status status="PASS" start="2025-06-07T17:45:00.026293" elapsed="0.000583"/>
</kw>
<status status="PASS" start="2025-06-07T17:44:59.875958" elapsed="0.151252"/>
</kw>
<status status="PASS" start="2025-06-07T17:44:53.156390" elapsed="6.870961"/>
</test>
<status status="PASS" start="2025-06-07T17:44:29.105000" elapsed="30.755000"/>
</suite>
<suite id="s1-s1-s2" name="navigationOnHome" source="/Users/apple/WorkSpace/ROBOTFrameWORK/MyAvia_TestSuite_WebApp/navigationOnHome.robot">
<test id="s1-s1-s2-t1" name="Naviagte on Home page" line="21">
<kw name="Setup Actions" owner="SetUp" type="SETUP">
<kw name="Open Browser" owner="SeleniumLibrary">
<msg time="2025-06-07T17:45:01.145317" level="INFO">Opening browser 'Chrome' to base url 'https://practicetestautomation.com/practice-test-login/'.</msg>
<arg>${URL}</arg>
<arg>${BROWSER}</arg>
<doc>Opens a new browser instance to the optional ``url``.</doc>
<status status="PASS" start="2025-06-07T17:45:01.144693" elapsed="4.558657"/>
</kw>
<kw name="Set Global Variable" owner="BuiltIn">
<msg time="2025-06-07T17:45:05.704607" level="INFO">${browser} = Chrome</msg>
<arg>${browser}</arg>
<arg>${BROWSER}</arg>
<doc>Makes a variable available globally in all tests and suites.</doc>
<status status="PASS" start="2025-06-07T17:45:05.704025" elapsed="0.000663"/>
</kw>
<kw name="Maximize Browser Window" owner="SeleniumLibrary">
<doc>Maximizes current browser window.</doc>
<status status="PASS" start="2025-06-07T17:45:05.704863" elapsed="0.413564"/>
</kw>
<kw name="Log" owner="BuiltIn">
<msg time="2025-06-07T17:45:06.119515" level="INFO">Running tests on browser: Chrome</msg>
<arg>Running tests on browser: ${BROWSER}</arg>
<doc>Logs the given message with the given level.</doc>
<status status="PASS" start="2025-06-07T17:45:06.118826" elapsed="0.000844"/>
</kw>
<kw name="Log" owner="BuiltIn">
<msg time="2025-06-07T17:45:06.120862" level="INFO">Browser opened and maximized</msg>
<arg>Browser opened and maximized</arg>
<doc>Logs the given message with the given level.</doc>
<status status="PASS" start="2025-06-07T17:45:06.120005" elapsed="0.001127"/>
</kw>
<status status="PASS" start="2025-06-07T17:45:01.142554" elapsed="4.978962"/>
</kw>
<kw name="Perform Home Page Navigation">
<kw name="Input Text" owner="SeleniumLibrary">
<msg time="2025-06-07T17:45:06.125359" level="INFO">Typing text 'student' into text field 'id:username'.</msg>
<arg>${USER_NAME}</arg>
<arg>${usn}</arg>
<doc>Types the given ``text`` into the text field identified by ``locator``.</doc>
<status status="PASS" start="2025-06-07T17:45:06.123871" elapsed="0.350793"/>
</kw>
<kw name="Input Text" owner="SeleniumLibrary">
<msg time="2025-06-07T17:45:06.475965" level="INFO">Typing text 'Password123' into text field 'id:password'.</msg>
<arg>${PASS_WORD}</arg>
<arg>${passc}</arg>
<doc>Types the given ``text`` into the text field identified by ``locator``.</doc>
<status status="PASS" start="2025-06-07T17:45:06.475118" elapsed="0.095224"/>
</kw>
<kw name="Click Button" owner="SeleniumLibrary">
<msg time="2025-06-07T17:45:06.570948" level="INFO">Clicking button 'id:submit'.</msg>
<arg>${LOGIN_BUTTON}</arg>
<doc>Clicks the button identified by ``locator``.</doc>
<status status="PASS" start="2025-06-07T17:45:06.570588" elapsed="1.682850"/>
</kw>
<kw name="Click Element" owner="SeleniumLibrary">
<msg time="2025-06-07T17:45:08.255153" level="INFO">Clicking element 'xpath=//li[@id="menu-item-43"]/a'.</msg>
<arg>${HOME_TAB}</arg>
<doc>Click the element identified by ``locator``.</doc>
<status status="PASS" start="2025-06-07T17:45:08.254277" elapsed="1.146077"/>
</kw>
<kw name="Wait Until Page Contains" owner="SeleniumLibrary">
<arg>Welcome to Practice Test Automation!</arg>
<doc>Waits until ``text`` appears on the current page.</doc>
<status status="PASS" start="2025-06-07T17:45:09.400575" elapsed="0.012478"/>
</kw>
<kw name="Log" owner="BuiltIn">
<msg time="2025-06-07T17:45:09.413515" level="INFO">Capturing screenshot after successful Welcome</msg>
<arg>Capturing screenshot after successful Welcome</arg>
<doc>Logs the given message with the given level.</doc>
<status status="PASS" start="2025-06-07T17:45:09.413277" elapsed="0.000325"/>
</kw>
<kw name="Capture Page Screenshot" owner="SeleniumLibrary">
<msg time="2025-06-07T17:45:09.904806" level="INFO" html="true">&lt;/td&gt;&lt;/tr&gt;&lt;tr&gt;&lt;td colspan="3"&gt;&lt;a href="Naviagte%20on%20Home%20page_Chrome.png"&gt;&lt;img src="Naviagte%20on%20Home%20page_Chrome.png" width="800px"&gt;&lt;/a&gt;</msg>
<arg>${TEST_NAME}_${browser}.png</arg>
<doc>Takes a screenshot of the current page and embeds it into a log file.</doc>
<status status="PASS" start="2025-06-07T17:45:09.413769" elapsed="0.491184"/>
</kw>
<arg>student</arg>
<arg>Password123</arg>
<status status="PASS" start="2025-06-07T17:45:06.122825" elapsed="3.782404"/>
</kw>
<kw name="Teardown Actions" owner="TearDown" type="TEARDOWN">
<kw name="Close Browser" owner="SeleniumLibrary">
<doc>Closes the current browser.</doc>
<status status="PASS" start="2025-06-07T17:45:09.906517" elapsed="0.159501"/>
</kw>
<kw name="Log" owner="BuiltIn">
<msg time="2025-06-07T17:45:10.066812" level="INFO">Browser closed</msg>
<arg>Browser closed</arg>
<doc>Logs the given message with the given level.</doc>
<status status="PASS" start="2025-06-07T17:45:10.066394" elapsed="0.000590"/>
</kw>
<status status="PASS" start="2025-06-07T17:45:09.905748" elapsed="0.161655"/>
</kw>
<status status="PASS" start="2025-06-07T17:45:01.132398" elapsed="8.935358"/>
</test>
<test id="s1-s1-s2-t2" name="Navigate on Practice page" line="23">
<kw name="Setup Actions" owner="SetUp" type="SETUP">
<kw name="Open Browser" owner="SeleniumLibrary">
<msg time="2025-06-07T17:45:10.071381" level="INFO">Opening browser 'Chrome' to base url 'https://practicetestautomation.com/practice-test-login/'.</msg>
<arg>${URL}</arg>
<arg>${BROWSER}</arg>
<doc>Opens a new browser instance to the optional ``url``.</doc>
<status status="PASS" start="2025-06-07T17:45:10.070715" elapsed="4.457892"/>
</kw>
<kw name="Set Global Variable" owner="BuiltIn">
<msg time="2025-06-07T17:45:14.530789" level="INFO">${browser} = Chrome</msg>
<arg>${browser}</arg>
<arg>${BROWSER}</arg>
<doc>Makes a variable available globally in all tests and suites.</doc>
<status status="PASS" start="2025-06-07T17:45:14.529519" elapsed="0.001466"/>
</kw>
<kw name="Maximize Browser Window" owner="SeleniumLibrary">
<doc>Maximizes current browser window.</doc>
<status status="PASS" start="2025-06-07T17:45:14.531331" elapsed="0.414099"/>
</kw>
<kw name="Log" owner="BuiltIn">
<msg time="2025-06-07T17:45:14.946181" level="INFO">Running tests on browser: Chrome</msg>
<arg>Running tests on browser: ${BROWSER}</arg>
<doc>Logs the given message with the given level.</doc>
<status status="PASS" start="2025-06-07T17:45:14.945732" elapsed="0.000541"/>
</kw>
<kw name="Log" owner="BuiltIn">
<msg time="2025-06-07T17:45:14.946720" level="INFO">Browser opened and maximized</msg>
<arg>Browser opened and maximized</arg>
<doc>Logs the given message with the given level.</doc>
<status status="PASS" start="2025-06-07T17:45:14.946495" elapsed="0.000295"/>
</kw>
<status status="PASS" start="2025-06-07T17:45:10.069663" elapsed="4.877272"/>
</kw>
<kw name="Perform Practice Page Navigation">
<kw name="Input Text" owner="SeleniumLibrary">
<msg time="2025-06-07T17:45:14.948563" level="INFO">Typing text 'student' into text field 'id:username'.</msg>
<arg>${USER_NAME}</arg>
<arg>${usn}</arg>
<doc>Types the given ``text`` into the text field identified by ``locator``.</doc>
<status status="PASS" start="2025-06-07T17:45:14.947956" elapsed="0.317833"/>
</kw>
<kw name="Input Text" owner="SeleniumLibrary">
<msg time="2025-06-07T17:45:15.266848" level="INFO">Typing text 'Password123' into text field 'id:password'.</msg>
<arg>${PASS_WORD}</arg>
<arg>${passc}</arg>
<doc>Types the given ``text`` into the text field identified by ``locator``.</doc>
<status status="PASS" start="2025-06-07T17:45:15.266167" elapsed="0.094041"/>
</kw>
<kw name="Click Button" owner="SeleniumLibrary">
<msg time="2025-06-07T17:45:15.361277" level="INFO">Clicking button 'id:submit'.</msg>
<arg>${LOGIN_BUTTON}</arg>
<doc>Clicks the button identified by ``locator``.</doc>
<status status="PASS" start="2025-06-07T17:45:15.360631" elapsed="0.849047"/>
</kw>
<kw name="Click Element" owner="SeleniumLibrary">
<msg time="2025-06-07T17:45:16.211057" level="INFO">Clicking element 'xpath=//*[@id="menu-item-20"]'.</msg>
<arg>${PRACTICE_TAB}</arg>
<doc>Click the element identified by ``locator``.</doc>
<status status="PASS" start="2025-06-07T17:45:16.210199" elapsed="0.685355"/>
</kw>
<kw name="Wait Until Page Contains" owner="SeleniumLibrary">
<arg>Practice</arg>
<doc>Waits until ``text`` appears on the current page.</doc>
<status status="PASS" start="2025-06-07T17:45:16.895916" elapsed="0.024091"/>
</kw>
<kw name="Log" owner="BuiltIn">
<msg time="2025-06-07T17:45:16.920793" level="INFO">Capturing screenshot after successful Pracice</msg>
<arg>Capturing screenshot after successful Pracice</arg>
<doc>Logs the given message with the given level.</doc>
<status status="PASS" start="2025-06-07T17:45:16.920392" elapsed="0.000547"/>
</kw>
<kw name="Capture Page Screenshot" owner="SeleniumLibrary">
<msg time="2025-06-07T17:45:17.446303" level="INFO" html="true">&lt;/td&gt;&lt;/tr&gt;&lt;tr&gt;&lt;td colspan="3"&gt;&lt;a href="Navigate%20on%20Practice%20page_Chrome.png"&gt;&lt;img src="Navigate%20on%20Practice%20page_Chrome.png" width="800px"&gt;&lt;/a&gt;</msg>
<arg>${TEST_NAME}_${browser}.png</arg>
<doc>Takes a screenshot of the current page and embeds it into a log file.</doc>
<status status="PASS" start="2025-06-07T17:45:16.921301" elapsed="0.525135"/>
</kw>
<arg>student</arg>
<arg>Password123</arg>
<status status="PASS" start="2025-06-07T17:45:14.947312" elapsed="2.499254"/>
</kw>
<kw name="Teardown Actions" owner="TearDown" type="TEARDOWN">
<kw name="Close Browser" owner="SeleniumLibrary">
<doc>Closes the current browser.</doc>
<status status="PASS" start="2025-06-07T17:45:17.447543" elapsed="0.105276"/>
</kw>
<kw name="Log" owner="BuiltIn">
<msg time="2025-06-07T17:45:17.553489" level="INFO">Browser closed</msg>
<arg>Browser closed</arg>
<doc>Logs the given message with the given level.</doc>
<status status="PASS" start="2025-06-07T17:45:17.553145" elapsed="0.000481"/>
</kw>
<status status="PASS" start="2025-06-07T17:45:17.446908" elapsed="0.106926"/>
</kw>
<status status="PASS" start="2025-06-07T17:45:10.068761" elapsed="7.485229"/>
</test>
<status status="PASS" start="2025-06-07T17:45:00.808538" elapsed="16.746526"/>
</suite>
<doc>[https://pabot.org/?ref=log|Pabot] result from 2 executions.</doc>
<status status="PASS" start="2025-06-07T17:44:29.087000" elapsed="48.469000"/>
</suite>
<suite id="s1-s2" name="MyAvia TestSuite WebApp" source="/Users/apple/WorkSpace/ROBOTFrameWORK/MyAvia_TestSuite_WebApp">
<suite id="s1-s2-s1" name="Login" source="/Users/apple/WorkSpace/ROBOTFrameWORK/MyAvia_TestSuite_WebApp/Login.robot">
<test id="s1-s2-s1-t1" name="logon to portal for valid user" line="17">
<kw name="Setup Actions" owner="SetUp" type="SETUP">
<kw name="Open Browser" owner="SeleniumLibrary">
<msg time="2025-06-07T17:44:29.270831" level="INFO">Opening browser 'Firefox' to base url 'https://practicetestautomation.com/practice-test-login/'.</msg>
<arg>${URL}</arg>
<arg>${BROWSER}</arg>
<doc>Opens a new browser instance to the optional ``url``.</doc>
<status status="PASS" start="2025-06-07T17:44:29.270514" elapsed="7.456860"/>
</kw>
<kw name="Set Global Variable" owner="BuiltIn">
<msg time="2025-06-07T17:44:36.728829" level="INFO">${browser} = Firefox</msg>
<arg>${browser}</arg>
<arg>${BROWSER}</arg>
<doc>Makes a variable available globally in all tests and suites.</doc>
<status status="PASS" start="2025-06-07T17:44:36.728080" elapsed="0.000855"/>
</kw>
<kw name="Maximize Browser Window" owner="SeleniumLibrary">
<doc>Maximizes current browser window.</doc>
<status status="PASS" start="2025-06-07T17:44:36.729157" elapsed="0.593213"/>
</kw>
<kw name="Log" owner="BuiltIn">
<msg time="2025-06-07T17:44:37.322904" level="INFO">Running tests on browser: Firefox</msg>
<arg>Running tests on browser: ${BROWSER}</arg>
<doc>Logs the given message with the given level.</doc>
<status status="PASS" start="2025-06-07T17:44:37.322592" elapsed="0.000381"/>
</kw>
<kw name="Log" owner="BuiltIn">
<msg time="2025-06-07T17:44:37.323272" level="INFO">Browser opened and maximized</msg>
<arg>Browser opened and maximized</arg>
<doc>Logs the given message with the given level.</doc>
<status status="PASS" start="2025-06-07T17:44:37.323117" elapsed="0.000224"/>
</kw>
<status status="PASS" start="2025-06-07T17:44:29.269777" elapsed="8.053735"/>
</kw>
<kw name="Perform Login for valid user">
<kw name="Input Text" owner="SeleniumLibrary">
<msg time="2025-06-07T17:44:37.325604" level="INFO">Typing text 'student' into text field 'id:username'.</msg>
<arg>${USER_NAME}</arg>
<arg>${usn}</arg>
<doc>Types the given ``text`` into the text field identified by ``locator``.</doc>
<status status="PASS" start="2025-06-07T17:44:37.324605" elapsed="0.077732"/>
</kw>
<kw name="Input Text" owner="SeleniumLibrary">
<msg time="2025-06-07T17:44:37.402922" level="INFO">Typing text 'Password123' into text field 'id:password'.</msg>
<arg>${PASS_WORD}</arg>
<arg>${passc}</arg>
<doc>Types the given ``text`` into the text field identified by ``locator``.</doc>
<status status="PASS" start="2025-06-07T17:44:37.402557" elapsed="0.017001"/>
</kw>
<kw name="Click Button" owner="SeleniumLibrary">
<msg time="2025-06-07T17:44:37.420304" level="INFO">Clicking button 'id:submit'.</msg>
<arg>${LOGIN_BUTTON}</arg>
<doc>Clicks the button identified by ``locator``.</doc>
<status status="PASS" start="2025-06-07T17:44:37.419948" elapsed="1.309741"/>
</kw>
<kw name="Wait Until Page Contains" owner="SeleniumLibrary">
<arg>Logged In Successfully</arg>
<doc>Waits until ``text`` appears on the current page.</doc>
<status status="PASS" start="2025-06-07T17:44:38.730102" elapsed="0.020486"/>
</kw>
<kw name="Log" owner="BuiltIn">
<msg time="2025-06-07T17:44:38.751274" level="INFO">Capturing screenshot after successful login</msg>
<arg>Capturing screenshot after successful login</arg>
<doc>Logs the given message with the given level.</doc>
<status status="PASS" start="2025-06-07T17:44:38.750923" elapsed="0.000487"/>
</kw>
<kw name="Capture Page Screenshot" owner="SeleniumLibrary">
<msg time="2025-06-07T17:44:39.011892" level="INFO" html="true">&lt;/td&gt;&lt;/tr&gt;&lt;tr&gt;&lt;td colspan="3"&gt;&lt;a href="logon%20to%20portal%20for%20valid%20user_Firefox.png"&gt;&lt;img src="logon%20to%20portal%20for%20valid%20user_Firefox.png" width="800px"&gt;&lt;/a&gt;</msg>
<arg>${TEST_NAME}_${browser}.png</arg>
<doc>Takes a screenshot of the current page and embeds it into a log file.</doc>
<status status="PASS" start="2025-06-07T17:44:38.751711" elapsed="0.260333"/>
</kw>
<arg>student</arg>
<arg>Password123</arg>
<status status="PASS" start="2025-06-07T17:44:37.324070" elapsed="1.688143"/>
</kw>
<kw name="Teardown Actions" owner="TearDown" type="TEARDOWN">
<kw name="Close Browser" owner="SeleniumLibrary">
<doc>Closes the current browser.</doc>
<status status="PASS" start="2025-06-07T17:44:39.012944" elapsed="0.751955"/>
</kw>
<kw name="Log" owner="BuiltIn">
<msg time="2025-06-07T17:44:39.765354" level="INFO">Browser closed</msg>
<arg>Browser closed</arg>
<doc>Logs the given message with the given level.</doc>
<status status="PASS" start="2025-06-07T17:44:39.765131" elapsed="0.000299"/>
</kw>
<status status="PASS" start="2025-06-07T17:44:39.012547" elapsed="0.752991"/>
</kw>
<tag>Smoke_Test_Run_On_Firefox</tag>
<status status="PASS" start="2025-06-07T17:44:29.268924" elapsed="10.496696"/>
</test>
<test id="s1-s2-s1-t2" name="logon to portal for no credentials" line="20">
<kw name="Setup Actions" owner="SetUp" type="SETUP">
<kw name="Open Browser" owner="SeleniumLibrary">
<msg time="2025-06-07T17:44:39.767334" level="INFO">Opening browser 'Firefox' to base url 'https://practicetestautomation.com/practice-test-login/'.</msg>
<arg>${URL}</arg>
<arg>${BROWSER}</arg>
<doc>Opens a new browser instance to the optional ``url``.</doc>
<status status="PASS" start="2025-06-07T17:44:39.767027" elapsed="6.141952"/>
</kw>
<kw name="Set Global Variable" owner="BuiltIn">
<msg time="2025-06-07T17:44:45.913485" level="INFO">${browser} = Firefox</msg>
<arg>${browser}</arg>
<arg>${BROWSER}</arg>
<doc>Makes a variable available globally in all tests and suites.</doc>
<status status="PASS" start="2025-06-07T17:44:45.912406" elapsed="0.001296"/>
</kw>
<kw name="Maximize Browser Window" owner="SeleniumLibrary">
<doc>Maximizes current browser window.</doc>
<status status="PASS" start="2025-06-07T17:44:45.914320" elapsed="0.708298"/>
</kw>
<kw name="Log" owner="BuiltIn">
<msg time="2025-06-07T17:44:46.623331" level="INFO">Running tests on browser: Firefox</msg>
<arg>Running tests on browser: ${BROWSER}</arg>
<doc>Logs the given message with the given level.</doc>
<status status="PASS" start="2025-06-07T17:44:46.622981" elapsed="0.000473"/>
</kw>
<kw name="Log" owner="BuiltIn">
<msg time="2025-06-07T17:44:46.624036" level="INFO">Browser opened and maximized</msg>
<arg>Browser opened and maximized</arg>
<doc>Logs the given message with the given level.</doc>
<status status="PASS" start="2025-06-07T17:44:46.623695" elapsed="0.000538"/>
</kw>
<status status="PASS" start="2025-06-07T17:44:39.766665" elapsed="6.857784"/>
</kw>
<kw name="Perform Login for no credentials">
<kw name="Click Button" owner="SeleniumLibrary">
<msg time="2025-06-07T17:44:46.626129" level="INFO">Clicking button 'id:submit'.</msg>
<arg>${LOGIN_BUTTON}</arg>
<doc>Clicks the button identified by ``locator``.</doc>
<status status="PASS" start="2025-06-07T17:44:46.625445" elapsed="0.283265"/>
</kw>
<kw name="Wait Until Page Contains" owner="SeleniumLibrary">
<arg>Your username is invalid!</arg>
<doc>Waits until ``text`` appears on the current page.</doc>
<status status="PASS" start="2025-06-07T17:44:46.908930" elapsed="0.005561"/>
</kw>
<kw name="Log" owner="BuiltIn">
<msg time="2025-06-07T17:44:46.914967" level="INFO">Capturing screenshot on login</msg>
<arg>Capturing screenshot on login</arg>
<doc>Logs the given message with the given level.</doc>
<status status="PASS" start="2025-06-07T17:44:46.914750" elapsed="0.000291"/>
</kw>
<kw name="Capture Page Screenshot" owner="SeleniumLibrary">
<msg time="2025-06-07T17:44:47.082060" level="INFO" html="true">&lt;/td&gt;&lt;/tr&gt;&lt;tr&gt;&lt;td colspan="3"&gt;&lt;a href="selenium-screenshot-1.png"&gt;&lt;img src="selenium-screenshot-1.png" width="800px"&gt;&lt;/a&gt;</msg>
<doc>Takes a screenshot of the current page and embeds it into a log file.</doc>
<status status="PASS" start="2025-06-07T17:44:46.915208" elapsed="0.167020"/>
</kw>
<status status="PASS" start="2025-06-07T17:44:46.624882" elapsed="0.457643"/>
</kw>
<kw name="Teardown Actions" owner="TearDown" type="TEARDOWN">
<kw name="Close Browser" owner="SeleniumLibrary">
<doc>Closes the current browser.</doc>
<status status="PASS" start="2025-06-07T17:44:47.083549" elapsed="1.248906"/>
</kw>
<kw name="Log" owner="BuiltIn">
<msg time="2025-06-07T17:44:48.333244" level="INFO">Browser closed</msg>
<arg>Browser closed</arg>
<doc>Logs the given message with the given level.</doc>
<status status="PASS" start="2025-06-07T17:44:48.332757" elapsed="0.000654"/>
</kw>
<status status="PASS" start="2025-06-07T17:44:47.083028" elapsed="1.250695"/>
</kw>
<tag>Smoke_Test_Run_On_Firefox</tag>
<status status="PASS" start="2025-06-07T17:44:39.766145" elapsed="8.567825"/>
</test>
<test id="s1-s2-s1-t3" name="logon to portal for invalid user" line="23">
<kw name="Setup Actions" owner="SetUp" type="SETUP">
<kw name="Open Browser" owner="SeleniumLibrary">
<msg time="2025-06-07T17:44:48.338080" level="INFO">Opening browser 'Firefox' to base url 'https://practicetestautomation.com/practice-test-login/'.</msg>
<arg>${URL}</arg>
<arg>${BROWSER}</arg>
<doc>Opens a new browser instance to the optional ``url``.</doc>
<status status="PASS" start="2025-06-07T17:44:48.337503" elapsed="6.891504"/>
</kw>
<kw name="Set Global Variable" owner="BuiltIn">
<msg time="2025-06-07T17:44:55.230195" level="INFO">${browser} = Firefox</msg>
<arg>${browser}</arg>
<arg>${BROWSER}</arg>
<doc>Makes a variable available globally in all tests and suites.</doc>
<status status="PASS" start="2025-06-07T17:44:55.229584" elapsed="0.000701"/>
</kw>
<kw name="Maximize Browser Window" owner="SeleniumLibrary">
<doc>Maximizes current browser window.</doc>
<status status="PASS" start="2025-06-07T17:44:55.230480" elapsed="0.611925"/>
</kw>
<kw name="Log" owner="BuiltIn">
<msg time="2025-06-07T17:44:55.843125" level="INFO">Running tests on browser: Firefox</msg>
<arg>Running tests on browser: ${BROWSER}</arg>
<doc>Logs the given message with the given level.</doc>
<status status="PASS" start="2025-06-07T17:44:55.842717" elapsed="0.000681"/>
</kw>
<kw name="Log" owner="BuiltIn">
<msg time="2025-06-07T17:44:55.843905" level="INFO">Browser opened and maximized</msg>
<arg>Browser opened and maximized</arg>
<doc>Logs the given message with the given level.</doc>
<status status="PASS" start="2025-06-07T17:44:55.843688" elapsed="0.000314"/>
</kw>
<status status="PASS" start="2025-06-07T17:44:48.336762" elapsed="7.507427"/>
</kw>
<kw name="Perform Login for invalid user">
<kw name="Input Text" owner="SeleniumLibrary">
<msg time="2025-06-07T17:44:55.849002" level="INFO">Typing text 'test1' into text field 'id:username'.</msg>
<arg>${USER_NAME}</arg>
<arg>test1</arg>
<doc>Types the given ``text`` into the text field identified by ``locator``.</doc>
<status status="PASS" start="2025-06-07T17:44:55.848599" elapsed="0.072793"/>
</kw>
<kw name="Input Text" owner="SeleniumLibrary">
<msg time="2025-06-07T17:44:55.922094" level="INFO">Typing text 'Password123' into text field 'id:password'.</msg>
<arg>${PASS_WORD}</arg>
<arg>${passc}</arg>
<doc>Types the given ``text`` into the text field identified by ``locator``.</doc>
<status status="PASS" start="2025-06-07T17:44:55.921669" elapsed="0.014347"/>
</kw>
<kw name="Click Button" owner="SeleniumLibrary">
<msg time="2025-06-07T17:44:55.936528" level="INFO">Clicking button 'id:submit'.</msg>
<arg>${LOGIN_BUTTON}</arg>
<doc>Clicks the button identified by ``locator``.</doc>
<status status="PASS" start="2025-06-07T17:44:55.936220" elapsed="0.223591"/>
</kw>
<kw name="Wait Until Page Contains" owner="SeleniumLibrary">
<arg>Your username is invalid!</arg>
<doc>Waits until ``text`` appears on the current page.</doc>
<status status="PASS" start="2025-06-07T17:44:56.160149" elapsed="0.005687"/>
</kw>
<kw name="Log" owner="BuiltIn">
<msg time="2025-06-07T17:44:56.166279" level="INFO">Capturing screenshot on login</msg>
<arg>Capturing screenshot on login</arg>
<doc>Logs the given message with the given level.</doc>
<status status="PASS" start="2025-06-07T17:44:56.166061" elapsed="0.000292"/>
</kw>
<kw name="Capture Page Screenshot" owner="SeleniumLibrary">
<msg time="2025-06-07T17:44:56.349426" level="INFO" html="true">&lt;/td&gt;&lt;/tr&gt;&lt;tr&gt;&lt;td colspan="3"&gt;&lt;a href="logon%20to%20portal%20for%20invalid%20user_Firefox.png"&gt;&lt;img src="logon%20to%20portal%20for%20invalid%20user_Firefox.png" width="800px"&gt;&lt;/a&gt;</msg>
<arg>${TEST_NAME}_${browser}.png</arg>
<doc>Takes a screenshot of the current page and embeds it into a log file.</doc>
<status status="PASS" start="2025-06-07T17:44:56.166524" elapsed="0.183158"/>
</kw>
<arg>Password123</arg>
<status status="PASS" start="2025-06-07T17:44:55.844704" elapsed="0.505120"/>
</kw>
<kw name="Teardown Actions" owner="TearDown" type="TEARDOWN">
<kw name="Close Browser" owner="SeleniumLibrary">
<doc>Closes the current browser.</doc>
<status status="PASS" start="2025-06-07T17:44:56.350889" elapsed="0.761531"/>
</kw>
<kw name="Log" owner="BuiltIn">
<msg time="2025-06-07T17:44:57.112880" level="INFO">Browser closed</msg>
<arg>Browser closed</arg>
<doc>Logs the given message with the given level.</doc>
<status status="PASS" start="2025-06-07T17:44:57.112649" elapsed="0.000310"/>
</kw>
<status status="PASS" start="2025-06-07T17:44:56.350330" elapsed="0.762741"/>
</kw>
<tag>Smoke_Test_Run_On_Firefox</tag>
<status status="PASS" start="2025-06-07T17:44:48.335440" elapsed="8.777714"/>
</test>
<test id="s1-s2-s1-t4" name="logon to portal for invalid password" line="26">
<kw name="Setup Actions" owner="SetUp" type="SETUP">
<kw name="Open Browser" owner="SeleniumLibrary">
<msg time="2025-06-07T17:44:57.115143" level="INFO">Opening browser 'Firefox' to base url 'https://practicetestautomation.com/practice-test-login/'.</msg>
<arg>${URL}</arg>
<arg>${BROWSER}</arg>
<doc>Opens a new browser instance to the optional ``url``.</doc>
<status status="PASS" start="2025-06-07T17:44:57.114653" elapsed="7.081705"/>
</kw>
<kw name="Set Global Variable" owner="BuiltIn">
<msg time="2025-06-07T17:45:04.197497" level="INFO">${browser} = Firefox</msg>
<arg>${browser}</arg>
<arg>${BROWSER}</arg>
<doc>Makes a variable available globally in all tests and suites.</doc>
<status status="PASS" start="2025-06-07T17:45:04.196915" elapsed="0.000709"/>
</kw>
<kw name="Maximize Browser Window" owner="SeleniumLibrary">
<doc>Maximizes current browser window.</doc>
<status status="PASS" start="2025-06-07T17:45:04.197815" elapsed="0.608622"/>
</kw>
<kw name="Log" owner="BuiltIn">
<msg time="2025-06-07T17:45:04.807371" level="INFO">Running tests on browser: Firefox</msg>
<arg>Running tests on browser: ${BROWSER}</arg>
<doc>Logs the given message with the given level.</doc>
<status status="PASS" start="2025-06-07T17:45:04.806759" elapsed="0.000738"/>
</kw>
<kw name="Log" owner="BuiltIn">
<msg time="2025-06-07T17:45:04.807995" level="INFO">Browser opened and maximized</msg>
<arg>Browser opened and maximized</arg>
<doc>Logs the given message with the given level.</doc>
<status status="PASS" start="2025-06-07T17:45:04.807742" elapsed="0.000391"/>
</kw>
<status status="PASS" start="2025-06-07T17:44:57.114237" elapsed="7.694096"/>
</kw>
<kw name="Perform Login for invalid password">
<kw name="Input Text" owner="SeleniumLibrary">
<msg time="2025-06-07T17:45:04.810411" level="INFO">Typing text 'student' into text field 'id:username'.</msg>
<arg>${USER_NAME}</arg>
<arg>${usn}</arg>
<doc>Types the given ``text`` into the text field identified by ``locator``.</doc>
<status status="PASS" start="2025-06-07T17:45:04.809500" elapsed="0.113382"/>
</kw>
<kw name="Input Text" owner="SeleniumLibrary">
<msg time="2025-06-07T17:45:04.924115" level="INFO">Typing text 'test1' into text field 'id:password'.</msg>
<arg>${PASS_WORD}</arg>
<arg>test1</arg>
<doc>Types the given ``text`` into the text field identified by ``locator``.</doc>
<status status="PASS" start="2025-06-07T17:45:04.923540" elapsed="0.022593"/>
</kw>
<kw name="Click Button" owner="SeleniumLibrary">
<msg time="2025-06-07T17:45:04.947380" level="INFO">Clicking button 'id:submit'.</msg>
<arg>${LOGIN_BUTTON}</arg>
<doc>Clicks the button identified by ``locator``.</doc>
<status status="PASS" start="2025-06-07T17:45:04.946444" elapsed="0.253084"/>
</kw>
<kw name="Wait Until Page Contains" owner="SeleniumLibrary">
<arg>Your password is invalid!</arg>
<doc>Waits until ``text`` appears on the current page.</doc>
<status status="PASS" start="2025-06-07T17:45:05.199831" elapsed="0.006628"/>
</kw>
<kw name="Log" owner="BuiltIn">
<msg time="2025-06-07T17:45:05.207109" level="INFO">Capturing screenshot on login</msg>
<arg>Capturing screenshot on login</arg>
<doc>Logs the given message with the given level.</doc>
<status status="PASS" start="2025-06-07T17:45:05.206667" elapsed="0.000525"/>
</kw>
<kw name="Capture Page Screenshot" owner="SeleniumLibrary">
<msg time="2025-06-07T17:45:05.397493" level="INFO" html="true">&lt;/td&gt;&lt;/tr&gt;&lt;tr&gt;&lt;td colspan="3"&gt;&lt;a href="logon%20to%20portal%20for%20invalid%20password_Firefox.png"&gt;&lt;img src="logon%20to%20portal%20for%20invalid%20password_Firefox.png" width="800px"&gt;&lt;/a&gt;</msg>
<arg>${TEST_NAME}_${browser}.png</arg>
<doc>Takes a screenshot of the current page and embeds it into a log file.</doc>
<status status="PASS" start="2025-06-07T17:45:05.207465" elapsed="0.190152"/>
</kw>
<arg>student</arg>
<status status="PASS" start="2025-06-07T17:45:04.808819" elapsed="0.588920"/>
</kw>
<kw name="Teardown Actions" owner="TearDown" type="TEARDOWN">
<kw name="Close Browser" owner="SeleniumLibrary">
<doc>Closes the current browser.</doc>
<status status="PASS" start="2025-06-07T17:45:05.398360" elapsed="0.961497"/>
</kw>
<kw name="Log" owner="BuiltIn">
<msg time="2025-06-07T17:45:06.360796" level="INFO">Browser closed</msg>
<arg>Browser closed</arg>
<doc>Logs the given message with the given level.</doc>
<status status="PASS" start="2025-06-07T17:45:06.360364" elapsed="0.000598"/>
</kw>
<status status="PASS" start="2025-06-07T17:45:05.398029" elapsed="0.963163"/>
</kw>
<status status="PASS" start="2025-06-07T17:44:57.113643" elapsed="9.247718"/>
</test>
<status status="PASS" start="2025-06-07T17:44:29.105000" elapsed="37.090000"/>
</suite>
<suite id="s1-s2-s2" name="navigationOnHome" source="/Users/apple/WorkSpace/ROBOTFrameWORK/MyAvia_TestSuite_WebApp/navigationOnHome.robot">
<test id="s1-s2-s2-t1" name="Naviagte on Home page" line="21">
<kw name="Setup Actions" owner="SetUp" type="SETUP">
<kw name="Open Browser" owner="SeleniumLibrary">
<msg time="2025-06-07T17:45:01.116773" level="INFO">Opening browser 'Firefox' to base url 'https://practicetestautomation.com/practice-test-login/'.</msg>
<arg>${URL}</arg>
<arg>${BROWSER}</arg>
<doc>Opens a new browser instance to the optional ``url``.</doc>
<status status="PASS" start="2025-06-07T17:45:01.115858" elapsed="7.310029"/>
</kw>
<kw name="Set Global Variable" owner="BuiltIn">
<msg time="2025-06-07T17:45:08.427496" level="INFO">${browser} = Firefox</msg>
<arg>${browser}</arg>
<arg>${BROWSER}</arg>
<doc>Makes a variable available globally in all tests and suites.</doc>
<status status="PASS" start="2025-06-07T17:45:08.426841" elapsed="0.000757"/>
</kw>
<kw name="Maximize Browser Window" owner="SeleniumLibrary">
<doc>Maximizes current browser window.</doc>
<status status="PASS" start="2025-06-07T17:45:08.427954" elapsed="0.594348"/>
</kw>
<kw name="Log" owner="BuiltIn">
<msg time="2025-06-07T17:45:09.023072" level="INFO">Running tests on browser: Firefox</msg>
<arg>Running tests on browser: ${BROWSER}</arg>
<doc>Logs the given message with the given level.</doc>
<status status="PASS" start="2025-06-07T17:45:09.022571" elapsed="0.000592"/>
</kw>
<kw name="Log" owner="BuiltIn">
<msg time="2025-06-07T17:45:09.023546" level="INFO">Browser opened and maximized</msg>
<arg>Browser opened and maximized</arg>
<doc>Logs the given message with the given level.</doc>
<status status="PASS" start="2025-06-07T17:45:09.023349" elapsed="0.000282"/>
</kw>
<status status="PASS" start="2025-06-07T17:45:01.113894" elapsed="7.909914"/>
</kw>
<kw name="Perform Home Page Navigation">
<kw name="Input Text" owner="SeleniumLibrary">
<msg time="2025-06-07T17:45:09.025767" level="INFO">Typing text 'student' into text field 'id:username'.</msg>
<arg>${USER_NAME}</arg>
<arg>${usn}</arg>
<doc>Types the given ``text`` into the text field identified by ``locator``.</doc>
<status status="PASS" start="2025-06-07T17:45:09.024865" elapsed="0.093279"/>
</kw>
<kw name="Input Text" owner="SeleniumLibrary">
<msg time="2025-06-07T17:45:09.118890" level="INFO">Typing text 'Password123' into text field 'id:password'.</msg>
<arg>${PASS_WORD}</arg>
<arg>${passc}</arg>
<doc>Types the given ``text`` into the text field identified by ``locator``.</doc>
<status status="PASS" start="2025-06-07T17:45:09.118421" elapsed="0.016744"/>
</kw>
<kw name="Click Button" owner="SeleniumLibrary">
<msg time="2025-06-07T17:45:09.136053" level="INFO">Clicking button 'id:submit'.</msg>
<arg>${LOGIN_BUTTON}</arg>
<doc>Clicks the button identified by ``locator``.</doc>
<status status="PASS" start="2025-06-07T17:45:09.135576" elapsed="1.008254"/>
</kw>
<kw name="Click Element" owner="SeleniumLibrary">
<msg time="2025-06-07T17:45:10.144579" level="INFO">Clicking element 'xpath=//li[@id="menu-item-43"]/a'.</msg>
<arg>${HOME_TAB}</arg>
<doc>Click the element identified by ``locator``.</doc>
<status status="PASS" start="2025-06-07T17:45:10.144078" elapsed="0.991588"/>
</kw>
<kw name="Wait Until Page Contains" owner="SeleniumLibrary">
<arg>Welcome to Practice Test Automation!</arg>
<doc>Waits until ``text`` appears on the current page.</doc>
<status status="PASS" start="2025-06-07T17:45:11.136227" elapsed="0.010167"/>
</kw>
<kw name="Log" owner="BuiltIn">
<msg time="2025-06-07T17:45:11.146910" level="INFO">Capturing screenshot after successful Welcome</msg>
<arg>Capturing screenshot after successful Welcome</arg>
<doc>Logs the given message with the given level.</doc>
<status status="PASS" start="2025-06-07T17:45:11.146610" elapsed="0.000381"/>
</kw>
<kw name="Capture Page Screenshot" owner="SeleniumLibrary">
<msg time="2025-06-07T17:45:11.415533" level="INFO" html="true">&lt;/td&gt;&lt;/tr&gt;&lt;tr&gt;&lt;td colspan="3"&gt;&lt;a href="Naviagte%20on%20Home%20page_Firefox.png"&gt;&lt;img src="Naviagte%20on%20Home%20page_Firefox.png" width="800px"&gt;&lt;/a&gt;</msg>
<arg>${TEST_NAME}_${browser}.png</arg>
<doc>Takes a screenshot of the current page and embeds it into a log file.</doc>
<status status="PASS" start="2025-06-07T17:45:11.147209" elapsed="0.268573"/>
</kw>
<arg>student</arg>
<arg>Password123</arg>
<status status="PASS" start="2025-06-07T17:45:09.024343" elapsed="2.391676"/>
</kw>
<kw name="Teardown Actions" owner="TearDown" type="TEARDOWN">
<kw name="Close Browser" owner="SeleniumLibrary">
<doc>Closes the current browser.</doc>
<status status="PASS" start="2025-06-07T17:45:11.417386" elapsed="1.082854"/>
</kw>
<kw name="Log" owner="BuiltIn">
<msg time="2025-06-07T17:45:12.501103" level="INFO">Browser closed</msg>
<arg>Browser closed</arg>
<doc>Logs the given message with the given level.</doc>
<status status="PASS" start="2025-06-07T17:45:12.500529" elapsed="0.000694"/>
</kw>
<status status="PASS" start="2025-06-07T17:45:11.416510" elapsed="1.084855"/>
</kw>
<status status="PASS" start="2025-06-07T17:45:01.111795" elapsed="11.389767"/>
</test>
<test id="s1-s2-s2-t2" name="Navigate on Practice page" line="23">
<kw name="Setup Actions" owner="SetUp" type="SETUP">
<kw name="Open Browser" owner="SeleniumLibrary">
<msg time="2025-06-07T17:45:12.504200" level="INFO">Opening browser 'Firefox' to base url 'https://practicetestautomation.com/practice-test-login/'.</msg>
<arg>${URL}</arg>
<arg>${BROWSER}</arg>
<doc>Opens a new browser instance to the optional ``url``.</doc>
<status status="PASS" start="2025-06-07T17:45:12.503813" elapsed="7.009777"/>
</kw>
<kw name="Set Global Variable" owner="BuiltIn">
<msg time="2025-06-07T17:45:19.514756" level="INFO">${browser} = Firefox</msg>
<arg>${browser}</arg>
<arg>${BROWSER}</arg>
<doc>Makes a variable available globally in all tests and suites.</doc>
<status status="PASS" start="2025-06-07T17:45:19.514150" elapsed="0.000692"/>
</kw>
<kw name="Maximize Browser Window" owner="SeleniumLibrary">
<doc>Maximizes current browser window.</doc>
<status status="PASS" start="2025-06-07T17:45:19.515038" elapsed="0.606246"/>
</kw>
<kw name="Log" owner="BuiltIn">
<msg time="2025-06-07T17:45:20.121908" level="INFO">Running tests on browser: Firefox</msg>
<arg>Running tests on browser: ${BROWSER}</arg>
<doc>Logs the given message with the given level.</doc>
<status status="PASS" start="2025-06-07T17:45:20.121531" elapsed="0.000459"/>
</kw>
<kw name="Log" owner="BuiltIn">
<msg time="2025-06-07T17:45:20.122563" level="INFO">Browser opened and maximized</msg>
<arg>Browser opened and maximized</arg>
<doc>Logs the given message with the given level.</doc>
<status status="PASS" start="2025-06-07T17:45:20.122283" elapsed="0.000412"/>
</kw>
<status status="PASS" start="2025-06-07T17:45:12.503334" elapsed="7.619534"/>
</kw>
<kw name="Perform Practice Page Navigation">
<kw name="Input Text" owner="SeleniumLibrary">
<msg time="2025-06-07T17:45:20.124786" level="INFO">Typing text 'student' into text field 'id:username'.</msg>
<arg>${USER_NAME}</arg>
<arg>${usn}</arg>
<doc>Types the given ``text`` into the text field identified by ``locator``.</doc>
<status status="PASS" start="2025-06-07T17:45:20.124278" elapsed="0.099970"/>
</kw>
<kw name="Input Text" owner="SeleniumLibrary">
<msg time="2025-06-07T17:45:20.225220" level="INFO">Typing text 'Password123' into text field 'id:password'.</msg>
<arg>${PASS_WORD}</arg>
<arg>${passc}</arg>
<doc>Types the given ``text`` into the text field identified by ``locator``.</doc>
<status status="PASS" start="2025-06-07T17:45:20.224745" elapsed="0.027489"/>
</kw>
<kw name="Click Button" owner="SeleniumLibrary">
<msg time="2025-06-07T17:45:20.252939" level="INFO">Clicking button 'id:submit'.</msg>
<arg>${LOGIN_BUTTON}</arg>
<doc>Clicks the button identified by ``locator``.</doc>
<status status="PASS" start="2025-06-07T17:45:20.252493" elapsed="0.817393"/>
</kw>
<kw name="Click Element" owner="SeleniumLibrary">
<msg time="2025-06-07T17:45:21.071124" level="INFO">Clicking element 'xpath=//*[@id="menu-item-20"]'.</msg>
<arg>${PRACTICE_TAB}</arg>
<doc>Click the element identified by ``locator``.</doc>
<status status="PASS" start="2025-06-07T17:45:21.070270" elapsed="0.670332"/>
</kw>
<kw name="Wait Until Page Contains" owner="SeleniumLibrary">
<arg>Practice</arg>
<doc>Waits until ``text`` appears on the current page.</doc>
<status status="PASS" start="2025-06-07T17:45:21.740822" elapsed="0.007064"/>
</kw>
<kw name="Log" owner="BuiltIn">
<msg time="2025-06-07T17:45:21.748473" level="INFO">Capturing screenshot after successful Pracice</msg>
<arg>Capturing screenshot after successful Pracice</arg>
<doc>Logs the given message with the given level.</doc>
<status status="PASS" start="2025-06-07T17:45:21.748183" elapsed="0.000466"/>
</kw>
<kw name="Capture Page Screenshot" owner="SeleniumLibrary">
<msg time="2025-06-07T17:45:21.939890" level="INFO" html="true">&lt;/td&gt;&lt;/tr&gt;&lt;tr&gt;&lt;td colspan="3"&gt;&lt;a href="Navigate%20on%20Practice%20page_Firefox.png"&gt;&lt;img src="Navigate%20on%20Practice%20page_Firefox.png" width="800px"&gt;&lt;/a&gt;</msg>
<arg>${TEST_NAME}_${browser}.png</arg>
<doc>Takes a screenshot of the current page and embeds it into a log file.</doc>
<status status="PASS" start="2025-06-07T17:45:21.749017" elapsed="0.191017"/>
</kw>
<arg>student</arg>
<arg>Password123</arg>
<status status="PASS" start="2025-06-07T17:45:20.123376" elapsed="1.816787"/>
</kw>
<kw name="Teardown Actions" owner="TearDown" type="TEARDOWN">
<kw name="Close Browser" owner="SeleniumLibrary">
<doc>Closes the current browser.</doc>
<status status="PASS" start="2025-06-07T17:45:21.941335" elapsed="0.789890"/>
</kw>
<kw name="Log" owner="BuiltIn">
<msg time="2025-06-07T17:45:22.732053" level="INFO">Browser closed</msg>
<arg>Browser closed</arg>
<doc>Logs the given message with the given level.</doc>
<status status="PASS" start="2025-06-07T17:45:22.731624" elapsed="0.000550"/>
</kw>
<status status="PASS" start="2025-06-07T17:45:21.940617" elapsed="0.791745"/>
</kw>
<status status="PASS" start="2025-06-07T17:45:12.502378" elapsed="10.230142"/>
</test>
<status status="PASS" start="2025-06-07T17:45:00.808164" elapsed="21.925644"/>
</suite>
<doc>[https://pabot.org/?ref=log|Pabot] result from 2 executions.</doc>
<status status="PASS" start="2025-06-07T17:44:29.087000" elapsed="53.648000"/>
</suite>
<suite id="s1-s3" name="MyAvia TestSuite WebApp" source="/Users/apple/WorkSpace/ROBOTFrameWORK/MyAvia_TestSuite_WebApp">
<suite id="s1-s3-s1" name="Login" source="/Users/apple/WorkSpace/ROBOTFrameWORK/MyAvia_TestSuite_WebApp/Login.robot">
<test id="s1-s3-s1-t1" name="logon to portal for valid user" line="17">
<kw name="Setup Actions" owner="SetUp" type="SETUP">
<kw name="Open Browser" owner="SeleniumLibrary">
<msg time="2025-06-07T17:44:29.274892" level="INFO">Opening browser 'Edge' to base url 'https://practicetestautomation.com/practice-test-login/'.</msg>
<arg>${URL}</arg>
<arg>${BROWSER}</arg>
<doc>Opens a new browser instance to the optional ``url``.</doc>
<status status="PASS" start="2025-06-07T17:44:29.274558" elapsed="3.133357"/>
</kw>
<kw name="Set Global Variable" owner="BuiltIn">
<msg time="2025-06-07T17:44:32.429463" level="INFO">${browser} = Edge</msg>
<arg>${browser}</arg>
<arg>${BROWSER}</arg>
<doc>Makes a variable available globally in all tests and suites.</doc>
<status status="PASS" start="2025-06-07T17:44:32.416829" elapsed="0.012940"/>
</kw>
<kw name="Maximize Browser Window" owner="SeleniumLibrary">
<doc>Maximizes current browser window.</doc>
<status status="PASS" start="2025-06-07T17:44:32.430241" elapsed="2.504940"/>
</kw>
<kw name="Log" owner="BuiltIn">
<msg time="2025-06-07T17:44:34.936431" level="INFO">Running tests on browser: Edge</msg>
<arg>Running tests on browser: ${BROWSER}</arg>
<doc>Logs the given message with the given level.</doc>
<status status="PASS" start="2025-06-07T17:44:34.935815" elapsed="0.000755"/>
</kw>
<kw name="Log" owner="BuiltIn">
<msg time="2025-06-07T17:44:34.937634" level="INFO">Browser opened and maximized</msg>
<arg>Browser opened and maximized</arg>
<doc>Logs the given message with the given level.</doc>
<status status="PASS" start="2025-06-07T17:44:34.936861" elapsed="0.001561"/>
</kw>
<status status="PASS" start="2025-06-07T17:44:29.273747" elapsed="5.665055"/>
</kw>
<kw name="Perform Login for valid user">
<kw name="Input Text" owner="SeleniumLibrary">
<msg time="2025-06-07T17:44:34.950738" level="INFO">Typing text 'student' into text field 'id:username'.</msg>
<arg>${USER_NAME}</arg>
<arg>${usn}</arg>
<doc>Types the given ``text`` into the text field identified by ``locator``.</doc>
<status status="PASS" start="2025-06-07T17:44:34.942841" elapsed="0.498860"/>
</kw>
<kw name="Input Text" owner="SeleniumLibrary">
<msg time="2025-06-07T17:44:35.442773" level="INFO">Typing text 'Password123' into text field 'id:password'.</msg>
<arg>${PASS_WORD}</arg>
<arg>${passc}</arg>
<doc>Types the given ``text`` into the text field identified by ``locator``.</doc>
<status status="PASS" start="2025-06-07T17:44:35.442063" elapsed="0.096643"/>
</kw>
<kw name="Click Button" owner="SeleniumLibrary">
<msg time="2025-06-07T17:44:35.539893" level="INFO">Clicking button 'id:submit'.</msg>
<arg>${LOGIN_BUTTON}</arg>
<doc>Clicks the button identified by ``locator``.</doc>
<status status="PASS" start="2025-06-07T17:44:35.539255" elapsed="0.948662"/>
</kw>
<kw name="Wait Until Page Contains" owner="SeleniumLibrary">
<arg>Logged In Successfully</arg>
<doc>Waits until ``text`` appears on the current page.</doc>
<status status="PASS" start="2025-06-07T17:44:36.491214" elapsed="0.026636"/>
</kw>
<kw name="Log" owner="BuiltIn">
<msg time="2025-06-07T17:44:36.518583" level="INFO">Capturing screenshot after successful login</msg>
<arg>Capturing screenshot after successful login</arg>
<doc>Logs the given message with the given level.</doc>
<status status="PASS" start="2025-06-07T17:44:36.518234" elapsed="0.000445"/>
</kw>
<kw name="Capture Page Screenshot" owner="SeleniumLibrary">
<msg time="2025-06-07T17:44:36.996160" level="INFO" html="true">&lt;/td&gt;&lt;/tr&gt;&lt;tr&gt;&lt;td colspan="3"&gt;&lt;a href="logon%20to%20portal%20for%20valid%20user_Edge.png"&gt;&lt;img src="logon%20to%20portal%20for%20valid%20user_Edge.png" width="800px"&gt;&lt;/a&gt;</msg>
<arg>${TEST_NAME}_${browser}.png</arg>
<doc>Takes a screenshot of the current page and embeds it into a log file.</doc>
<status status="PASS" start="2025-06-07T17:44:36.518900" elapsed="0.477457"/>
</kw>
<arg>student</arg>
<arg>Password123</arg>
<status status="PASS" start="2025-06-07T17:44:34.940008" elapsed="2.056481"/>
</kw>
<kw name="Teardown Actions" owner="TearDown" type="TEARDOWN">
<kw name="Close Browser" owner="SeleniumLibrary">
<doc>Closes the current browser.</doc>
<status status="PASS" start="2025-06-07T17:44:36.997272" elapsed="0.133062"/>
</kw>
<kw name="Log" owner="BuiltIn">
<msg time="2025-06-07T17:44:37.130976" level="INFO">Browser closed</msg>
<arg>Browser closed</arg>
<doc>Logs the given message with the given level.</doc>
<status status="PASS" start="2025-06-07T17:44:37.130665" elapsed="0.000434"/>
</kw>
<status status="PASS" start="2025-06-07T17:44:36.996824" elapsed="0.134446"/>
</kw>
<tag>Smoke_Test_Run_On_Edge</tag>
<status status="PASS" start="2025-06-07T17:44:29.272934" elapsed="7.858576"/>
</test>
<test id="s1-s3-s1-t2" name="logon to portal for no credentials" line="20">
<kw name="Setup Actions" owner="SetUp" type="SETUP">
<kw name="Open Browser" owner="SeleniumLibrary">
<msg time="2025-06-07T17:44:37.134651" level="INFO">Opening browser 'Edge' to base url 'https://practicetestautomation.com/practice-test-login/'.</msg>
<arg>${URL}</arg>
<arg>${BROWSER}</arg>
<doc>Opens a new browser instance to the optional ``url``.</doc>
<status status="PASS" start="2025-06-07T17:44:37.134043" elapsed="8.200231"/>
</kw>
<kw name="Set Global Variable" owner="BuiltIn">
<msg time="2025-06-07T17:44:45.335645" level="INFO">${browser} = Edge</msg>
<arg>${browser}</arg>
<arg>${BROWSER}</arg>
<doc>Makes a variable available globally in all tests and suites.</doc>
<status status="PASS" start="2025-06-07T17:44:45.335029" elapsed="0.000705"/>
</kw>
<kw name="Maximize Browser Window" owner="SeleniumLibrary">
<doc>Maximizes current browser window.</doc>
<status status="PASS" start="2025-06-07T17:44:45.336007" elapsed="0.489782"/>
</kw>
<kw name="Log" owner="BuiltIn">
<msg time="2025-06-07T17:44:45.827237" level="INFO">Running tests on browser: Edge</msg>
<arg>Running tests on browser: ${BROWSER}</arg>
<doc>Logs the given message with the given level.</doc>
<status status="PASS" start="2025-06-07T17:44:45.826214" elapsed="0.001321"/>
</kw>
<kw name="Log" owner="BuiltIn">
<msg time="2025-06-07T17:44:45.828734" level="INFO">Browser opened and maximized</msg>
<arg>Browser opened and maximized</arg>
<doc>Logs the given message with the given level.</doc>
<status status="PASS" start="2025-06-07T17:44:45.828080" elapsed="0.000828"/>
</kw>
<status status="PASS" start="2025-06-07T17:44:37.133457" elapsed="8.695737"/>
</kw>
<kw name="Perform Login for no credentials">
<kw name="Click Button" owner="SeleniumLibrary">
<msg time="2025-06-07T17:44:45.831484" level="INFO">Clicking button 'id:submit'.</msg>
<arg>${LOGIN_BUTTON}</arg>
<doc>Clicks the button identified by ``locator``.</doc>
<status status="PASS" start="2025-06-07T17:44:45.830508" elapsed="0.103344"/>
</kw>
<kw name="Wait Until Page Contains" owner="SeleniumLibrary">
<arg>Your username is invalid!</arg>
<doc>Waits until ``text`` appears on the current page.</doc>
<status status="PASS" start="2025-06-07T17:44:45.934500" elapsed="0.016416"/>
</kw>
<kw name="Log" owner="BuiltIn">
<msg time="2025-06-07T17:44:45.951486" level="INFO">Capturing screenshot on login</msg>
<arg>Capturing screenshot on login</arg>
<doc>Logs the given message with the given level.</doc>
<status status="PASS" start="2025-06-07T17:44:45.951224" elapsed="0.000348"/>
</kw>
<kw name="Capture Page Screenshot" owner="SeleniumLibrary">
<msg time="2025-06-07T17:44:46.505748" level="INFO" html="true">&lt;/td&gt;&lt;/tr&gt;&lt;tr&gt;&lt;td colspan="3"&gt;&lt;a href="selenium-screenshot-1.png"&gt;&lt;img src="selenium-screenshot-1.png" width="800px"&gt;&lt;/a&gt;</msg>
<doc>Takes a screenshot of the current page and embeds it into a log file.</doc>
<status status="PASS" start="2025-06-07T17:44:45.951958" elapsed="0.553944"/>
</kw>
<status status="PASS" start="2025-06-07T17:44:45.829741" elapsed="0.676470"/>
</kw>
<kw name="Teardown Actions" owner="TearDown" type="TEARDOWN">
<kw name="Close Browser" owner="SeleniumLibrary">
<doc>Closes the current browser.</doc>
<status status="PASS" start="2025-06-07T17:44:46.506982" elapsed="0.107387"/>
</kw>
<kw name="Log" owner="BuiltIn">
<msg time="2025-06-07T17:44:46.614891" level="INFO">Browser closed</msg>
<arg>Browser closed</arg>
<doc>Logs the given message with the given level.</doc>
<status status="PASS" start="2025-06-07T17:44:46.614608" elapsed="0.000366"/>
</kw>
<status status="PASS" start="2025-06-07T17:44:46.506583" elapsed="0.108504"/>
</kw>
<tag>Smoke_Test_Run_On_Edge</tag>
<status status="PASS" start="2025-06-07T17:44:37.132479" elapsed="9.482698"/>
</test>
<test id="s1-s3-s1-t3" name="logon to portal for invalid user" line="23">
<kw name="Setup Actions" owner="SetUp" type="SETUP">
<kw name="Open Browser" owner="SeleniumLibrary">
<msg time="2025-06-07T17:44:46.617855" level="INFO">Opening browser 'Edge' to base url 'https://practicetestautomation.com/practice-test-login/'.</msg>
<arg>${URL}</arg>
<arg>${BROWSER}</arg>
<doc>Opens a new browser instance to the optional ``url``.</doc>
<status status="PASS" start="2025-06-07T17:44:46.617440" elapsed="4.709150"/>
</kw>
<kw name="Set Global Variable" owner="BuiltIn">
<msg time="2025-06-07T17:44:51.329618" level="INFO">${browser} = Edge</msg>
<arg>${browser}</arg>
<arg>${BROWSER}</arg>
<doc>Makes a variable available globally in all tests and suites.</doc>
<status status="PASS" start="2025-06-07T17:44:51.328367" elapsed="0.001562"/>
</kw>
<kw name="Maximize Browser Window" owner="SeleniumLibrary">
<doc>Maximizes current browser window.</doc>
<status status="PASS" start="2025-06-07T17:44:51.330423" elapsed="0.420799"/>
</kw>
<kw name="Log" owner="BuiltIn">
<msg time="2025-06-07T17:44:51.752258" level="INFO">Running tests on browser: Edge</msg>
<arg>Running tests on browser: ${BROWSER}</arg>
<doc>Logs the given message with the given level.</doc>
<status status="PASS" start="2025-06-07T17:44:51.751657" elapsed="0.001007"/>
</kw>
<kw name="Log" owner="BuiltIn">
<msg time="2025-06-07T17:44:51.753573" level="INFO">Browser opened and maximized</msg>
<arg>Browser opened and maximized</arg>
<doc>Logs the given message with the given level.</doc>
<status status="PASS" start="2025-06-07T17:44:51.753102" elapsed="0.000762"/>
</kw>
<status status="PASS" start="2025-06-07T17:44:46.616863" elapsed="5.137788"/>
</kw>
<kw name="Perform Login for invalid user">
<kw name="Input Text" owner="SeleniumLibrary">
<msg time="2025-06-07T17:44:51.763252" level="INFO">Typing text 'test1' into text field 'id:username'.</msg>
<arg>${USER_NAME}</arg>
<arg>test1</arg>
<doc>Types the given ``text`` into the text field identified by ``locator``.</doc>
<status status="PASS" start="2025-06-07T17:44:51.756677" elapsed="0.372072"/>
</kw>
<kw name="Input Text" owner="SeleniumLibrary">
<msg time="2025-06-07T17:44:52.129844" level="INFO">Typing text 'Password123' into text field 'id:password'.</msg>
<arg>${PASS_WORD}</arg>
<arg>${passc}</arg>
<doc>Types the given ``text`` into the text field identified by ``locator``.</doc>
<status status="PASS" start="2025-06-07T17:44:52.129139" elapsed="0.123876"/>
</kw>
<kw name="Click Button" owner="SeleniumLibrary">
<msg time="2025-06-07T17:44:52.254065" level="INFO">Clicking button 'id:submit'.</msg>
<arg>${LOGIN_BUTTON}</arg>
<doc>Clicks the button identified by ``locator``.</doc>
<status status="PASS" start="2025-06-07T17:44:52.253583" elapsed="0.134803"/>
</kw>
<kw name="Wait Until Page Contains" owner="SeleniumLibrary">
<arg>Your username is invalid!</arg>
<doc>Waits until ``text`` appears on the current page.</doc>
<status status="PASS" start="2025-06-07T17:44:52.389140" elapsed="0.020061"/>
</kw>
<kw name="Log" owner="BuiltIn">
<msg time="2025-06-07T17:44:52.410325" level="INFO">Capturing screenshot on login</msg>
<arg>Capturing screenshot on login</arg>
<doc>Logs the given message with the given level.</doc>
<status status="PASS" start="2025-06-07T17:44:52.409505" elapsed="0.000970"/>
</kw>
<kw name="Capture Page Screenshot" owner="SeleniumLibrary">
<msg time="2025-06-07T17:44:53.015397" level="INFO" html="true">&lt;/td&gt;&lt;/tr&gt;&lt;tr&gt;&lt;td colspan="3"&gt;&lt;a href="logon%20to%20portal%20for%20invalid%20user_Edge.png"&gt;&lt;img src="logon%20to%20portal%20for%20invalid%20user_Edge.png" width="800px"&gt;&lt;/a&gt;</msg>
<arg>${TEST_NAME}_${browser}.png</arg>
<doc>Takes a screenshot of the current page and embeds it into a log file.</doc>
<status status="PASS" start="2025-06-07T17:44:52.411426" elapsed="0.604177"/>
</kw>
<arg>Password123</arg>
<status status="PASS" start="2025-06-07T17:44:51.755804" elapsed="1.259999"/>
</kw>
<kw name="Teardown Actions" owner="TearDown" type="TEARDOWN">
<kw name="Close Browser" owner="SeleniumLibrary">
<doc>Closes the current browser.</doc>
<status status="PASS" start="2025-06-07T17:44:53.016857" elapsed="0.173877"/>
</kw>
<kw name="Log" owner="BuiltIn">
<msg time="2025-06-07T17:44:53.191539" level="INFO">Browser closed</msg>
<arg>Browser closed</arg>
<doc>Logs the given message with the given level.</doc>
<status status="PASS" start="2025-06-07T17:44:53.191156" elapsed="0.000541"/>
</kw>
<status status="PASS" start="2025-06-07T17:44:53.016287" elapsed="0.175608"/>
</kw>
<tag>Smoke_Test_Run_On_Edge</tag>
<status status="PASS" start="2025-06-07T17:44:46.616093" elapsed="6.575923"/>
</test>
<test id="s1-s3-s1-t4" name="logon to portal for invalid password" line="26">
<kw name="Setup Actions" owner="SetUp" type="SETUP">
<kw name="Open Browser" owner="SeleniumLibrary">
<msg time="2025-06-07T17:44:53.194905" level="INFO">Opening browser 'Edge' to base url 'https://practicetestautomation.com/practice-test-login/'.</msg>
<arg>${URL}</arg>
<arg>${BROWSER}</arg>
<doc>Opens a new browser instance to the optional ``url``.</doc>
<status status="PASS" start="2025-06-07T17:44:53.194385" elapsed="5.158892"/>
</kw>
<kw name="Set Global Variable" owner="BuiltIn">
<msg time="2025-06-07T17:44:58.355130" level="INFO">${browser} = Edge</msg>
<arg>${browser}</arg>
<arg>${BROWSER}</arg>
<doc>Makes a variable available globally in all tests and suites.</doc>
<status status="PASS" start="2025-06-07T17:44:58.354191" elapsed="0.001091"/>
</kw>
<kw name="Maximize Browser Window" owner="SeleniumLibrary">
<doc>Maximizes current browser window.</doc>
<status status="PASS" start="2025-06-07T17:44:58.355520" elapsed="0.451748"/>
</kw>
<kw name="Log" owner="BuiltIn">
<msg time="2025-06-07T17:44:58.808338" level="INFO">Running tests on browser: Edge</msg>
<arg>Running tests on browser: ${BROWSER}</arg>
<doc>Logs the given message with the given level.</doc>
<status status="PASS" start="2025-06-07T17:44:58.807753" elapsed="0.000721"/>
</kw>
<kw name="Log" owner="BuiltIn">
<msg time="2025-06-07T17:44:58.809003" level="INFO">Browser opened and maximized</msg>
<arg>Browser opened and maximized</arg>
<doc>Logs the given message with the given level.</doc>
<status status="PASS" start="2025-06-07T17:44:58.808736" elapsed="0.000402"/>
</kw>
<status status="PASS" start="2025-06-07T17:44:53.193842" elapsed="5.615672"/>
</kw>
<kw name="Perform Login for invalid password">
<kw name="Input Text" owner="SeleniumLibrary">
<msg time="2025-06-07T17:44:58.812196" level="INFO">Typing text 'student' into text field 'id:username'.</msg>
<arg>${USER_NAME}</arg>
<arg>${usn}</arg>
<doc>Types the given ``text`` into the text field identified by ``locator``.</doc>
<status status="PASS" start="2025-06-07T17:44:58.811460" elapsed="0.330218"/>
</kw>
<kw name="Input Text" owner="SeleniumLibrary">
<msg time="2025-06-07T17:44:59.142618" level="INFO">Typing text 'test1' into text field 'id:password'.</msg>
<arg>${PASS_WORD}</arg>
<arg>test1</arg>
<doc>Types the given ``text`` into the text field identified by ``locator``.</doc>
<status status="PASS" start="2025-06-07T17:44:59.142007" elapsed="0.094774"/>
</kw>
<kw name="Click Button" owner="SeleniumLibrary">
<msg time="2025-06-07T17:44:59.237502" level="INFO">Clicking button 'id:submit'.</msg>
<arg>${LOGIN_BUTTON}</arg>
<doc>Clicks the button identified by ``locator``.</doc>
<status status="PASS" start="2025-06-07T17:44:59.237055" elapsed="0.113806"/>
</kw>
<kw name="Wait Until Page Contains" owner="SeleniumLibrary">
<arg>Your password is invalid!</arg>
<doc>Waits until ``text`` appears on the current page.</doc>
<status status="PASS" start="2025-06-07T17:44:59.351539" elapsed="0.019088"/>
</kw>
<kw name="Log" owner="BuiltIn">
<msg time="2025-06-07T17:44:59.371505" level="INFO">Capturing screenshot on login</msg>
<arg>Capturing screenshot on login</arg>
<doc>Logs the given message with the given level.</doc>
<status status="PASS" start="2025-06-07T17:44:59.371096" elapsed="0.000543"/>
</kw>
<kw name="Capture Page Screenshot" owner="SeleniumLibrary">
<msg time="2025-06-07T17:44:59.924989" level="INFO" html="true">&lt;/td&gt;&lt;/tr&gt;&lt;tr&gt;&lt;td colspan="3"&gt;&lt;a href="logon%20to%20portal%20for%20invalid%20password_Edge.png"&gt;&lt;img src="logon%20to%20portal%20for%20invalid%20password_Edge.png" width="800px"&gt;&lt;/a&gt;</msg>
<arg>${TEST_NAME}_${browser}.png</arg>
<doc>Takes a screenshot of the current page and embeds it into a log file.</doc>
<status status="PASS" start="2025-06-07T17:44:59.371941" elapsed="0.553308"/>
</kw>
<arg>student</arg>
<status status="PASS" start="2025-06-07T17:44:58.810348" elapsed="1.115504"/>
</kw>
<kw name="Teardown Actions" owner="TearDown" type="TEARDOWN">
<kw name="Close Browser" owner="SeleniumLibrary">
<doc>Closes the current browser.</doc>
<status status="PASS" start="2025-06-07T17:44:59.927082" elapsed="0.123143"/>
</kw>
<kw name="Log" owner="BuiltIn">
<msg time="2025-06-07T17:45:00.050852" level="INFO">Browser closed</msg>
<arg>Browser closed</arg>
<doc>Logs the given message with the given level.</doc>
<status status="PASS" start="2025-06-07T17:45:00.050547" elapsed="0.000411"/>
</kw>
<status status="PASS" start="2025-06-07T17:44:59.926378" elapsed="0.124740"/>
</kw>
<status status="PASS" start="2025-06-07T17:44:53.192848" elapsed="6.858398"/>
</test>
<status status="PASS" start="2025-06-07T17:44:29.106000" elapsed="30.775000"/>
</suite>
<suite id="s1-s3-s2" name="navigationOnHome" source="/Users/apple/WorkSpace/ROBOTFrameWORK/MyAvia_TestSuite_WebApp/navigationOnHome.robot">
<test id="s1-s3-s2-t1" name="Naviagte on Home page" line="21">
<kw name="Setup Actions" owner="SetUp" type="SETUP">
<kw name="Open Browser" owner="SeleniumLibrary">
<msg time="2025-06-07T17:45:07.177738" level="INFO">Opening browser 'Edge' to base url 'https://practicetestautomation.com/practice-test-login/'.</msg>
<arg>${URL}</arg>
<arg>${BROWSER}</arg>
<doc>Opens a new browser instance to the optional ``url``.</doc>
<status status="PASS" start="2025-06-07T17:45:07.177424" elapsed="4.462847"/>
</kw>
<kw name="Set Global Variable" owner="BuiltIn">
<msg time="2025-06-07T17:45:11.641896" level="INFO">${browser} = Edge</msg>
<arg>${browser}</arg>
<arg>${BROWSER}</arg>
<doc>Makes a variable available globally in all tests and suites.</doc>
<status status="PASS" start="2025-06-07T17:45:11.641067" elapsed="0.000926"/>
</kw>
<kw name="Maximize Browser Window" owner="SeleniumLibrary">
<doc>Maximizes current browser window.</doc>
<status status="PASS" start="2025-06-07T17:45:11.642224" elapsed="0.437048"/>
</kw>
<kw name="Log" owner="BuiltIn">
<msg time="2025-06-07T17:45:12.080132" level="INFO">Running tests on browser: Edge</msg>
<arg>Running tests on browser: ${BROWSER}</arg>
<doc>Logs the given message with the given level.</doc>
<status status="PASS" start="2025-06-07T17:45:12.079688" elapsed="0.000577"/>
</kw>
<kw name="Log" owner="BuiltIn">
<msg time="2025-06-07T17:45:12.080906" level="INFO">Browser opened and maximized</msg>
<arg>Browser opened and maximized</arg>
<doc>Logs the given message with the given level.</doc>
<status status="PASS" start="2025-06-07T17:45:12.080528" elapsed="0.000485"/>
</kw>
<status status="PASS" start="2025-06-07T17:45:07.176663" elapsed="4.904579"/>
</kw>
<kw name="Perform Home Page Navigation">
<kw name="Input Text" owner="SeleniumLibrary">
<msg time="2025-06-07T17:45:12.083035" level="INFO">Typing text 'student' into text field 'id:username'.</msg>
<arg>${USER_NAME}</arg>
<arg>${usn}</arg>
<doc>Types the given ``text`` into the text field identified by ``locator``.</doc>
<status status="PASS" start="2025-06-07T17:45:12.082319" elapsed="0.220176"/>
</kw>
<kw name="Input Text" owner="SeleniumLibrary">
<msg time="2025-06-07T17:45:12.303679" level="INFO">Typing text 'Password123' into text field 'id:password'.</msg>
<arg>${PASS_WORD}</arg>
<arg>${passc}</arg>
<doc>Types the given ``text`` into the text field identified by ``locator``.</doc>
<status status="PASS" start="2025-06-07T17:45:12.303149" elapsed="0.111386"/>
</kw>
<kw name="Click Button" owner="SeleniumLibrary">
<msg time="2025-06-07T17:45:12.415130" level="INFO">Clicking button 'id:submit'.</msg>
<arg>${LOGIN_BUTTON}</arg>
<doc>Clicks the button identified by ``locator``.</doc>
<status status="PASS" start="2025-06-07T17:45:12.414776" elapsed="0.926186"/>
</kw>
<kw name="Click Element" owner="SeleniumLibrary">
<msg time="2025-06-07T17:45:13.342114" level="INFO">Clicking element 'xpath=//li[@id="menu-item-43"]/a'.</msg>
<arg>${HOME_TAB}</arg>
<doc>Click the element identified by ``locator``.</doc>
<status status="PASS" start="2025-06-07T17:45:13.341293" elapsed="1.168085"/>
</kw>
<kw name="Wait Until Page Contains" owner="SeleniumLibrary">
<arg>Welcome to Practice Test Automation!</arg>
<doc>Waits until ``text`` appears on the current page.</doc>
<status status="PASS" start="2025-06-07T17:45:14.510127" elapsed="0.019379"/>
</kw>
<kw name="Log" owner="BuiltIn">
<msg time="2025-06-07T17:45:14.530283" level="INFO">Capturing screenshot after successful Welcome</msg>
<arg>Capturing screenshot after successful Welcome</arg>
<doc>Logs the given message with the given level.</doc>
<status status="PASS" start="2025-06-07T17:45:14.529891" elapsed="0.000594"/>
</kw>
<kw name="Capture Page Screenshot" owner="SeleniumLibrary">
<msg time="2025-06-07T17:45:15.085954" level="INFO" html="true">&lt;/td&gt;&lt;/tr&gt;&lt;tr&gt;&lt;td colspan="3"&gt;&lt;a href="Naviagte%20on%20Home%20page_Edge.png"&gt;&lt;img src="Naviagte%20on%20Home%20page_Edge.png" width="800px"&gt;&lt;/a&gt;</msg>
<arg>${TEST_NAME}_${browser}.png</arg>
<doc>Takes a screenshot of the current page and embeds it into a log file.</doc>
<status status="PASS" start="2025-06-07T17:45:14.530741" elapsed="0.555365"/>
</kw>
<arg>student</arg>
<arg>Password123</arg>
<status status="PASS" start="2025-06-07T17:45:12.081759" elapsed="3.004483"/>
</kw>
<kw name="Teardown Actions" owner="TearDown" type="TEARDOWN">
<kw name="Close Browser" owner="SeleniumLibrary">
<doc>Closes the current browser.</doc>
<status status="PASS" start="2025-06-07T17:45:15.087205" elapsed="0.108047"/>
</kw>
<kw name="Log" owner="BuiltIn">
<msg time="2025-06-07T17:45:15.195997" level="INFO">Browser closed</msg>
<arg>Browser closed</arg>
<doc>Logs the given message with the given level.</doc>
<status status="PASS" start="2025-06-07T17:45:15.195651" elapsed="0.000432"/>
</kw>
<status status="PASS" start="2025-06-07T17:45:15.086579" elapsed="0.109645"/>
</kw>
<status status="PASS" start="2025-06-07T17:45:07.175879" elapsed="8.020630"/>
</test>
<test id="s1-s3-s2-t2" name="Navigate on Practice page" line="23">
<kw name="Setup Actions" owner="SetUp" type="SETUP">
<kw name="Open Browser" owner="SeleniumLibrary">
<msg time="2025-06-07T17:45:15.200265" level="INFO">Opening browser 'Edge' to base url 'https://practicetestautomation.com/practice-test-login/'.</msg>
<arg>${URL}</arg>
<arg>${BROWSER}</arg>
<doc>Opens a new browser instance to the optional ``url``.</doc>
<status status="PASS" start="2025-06-07T17:45:15.199234" elapsed="4.795062"/>
</kw>
<kw name="Set Global Variable" owner="BuiltIn">
<msg time="2025-06-07T17:45:19.995866" level="INFO">${browser} = Edge</msg>
<arg>${browser}</arg>
<arg>${BROWSER}</arg>
<doc>Makes a variable available globally in all tests and suites.</doc>
<status status="PASS" start="2025-06-07T17:45:19.995131" elapsed="0.000835"/>
</kw>
<kw name="Maximize Browser Window" owner="SeleniumLibrary">
<doc>Maximizes current browser window.</doc>
<status status="PASS" start="2025-06-07T17:45:19.996191" elapsed="0.459994"/>
</kw>
<kw name="Log" owner="BuiltIn">
<msg time="2025-06-07T17:45:20.457064" level="INFO">Running tests on browser: Edge</msg>
<arg>Running tests on browser: ${BROWSER}</arg>
<doc>Logs the given message with the given level.</doc>
<status status="PASS" start="2025-06-07T17:45:20.456556" elapsed="0.000593"/>
</kw>
<kw name="Log" owner="BuiltIn">
<msg time="2025-06-07T17:45:20.457513" level="INFO">Browser opened and maximized</msg>
<arg>Browser opened and maximized</arg>
<doc>Logs the given message with the given level.</doc>
<status status="PASS" start="2025-06-07T17:45:20.457328" elapsed="0.000254"/>
</kw>
<status status="PASS" start="2025-06-07T17:45:15.198059" elapsed="5.259678"/>
</kw>
<kw name="Perform Practice Page Navigation">
<kw name="Input Text" owner="SeleniumLibrary">
<msg time="2025-06-07T17:45:20.459353" level="INFO">Typing text 'student' into text field 'id:username'.</msg>
<arg>${USER_NAME}</arg>
<arg>${usn}</arg>
<doc>Types the given ``text`` into the text field identified by ``locator``.</doc>
<status status="PASS" start="2025-06-07T17:45:20.458869" elapsed="0.188705"/>
</kw>
<kw name="Input Text" owner="SeleniumLibrary">
<msg time="2025-06-07T17:45:20.648203" level="INFO">Typing text 'Password123' into text field 'id:password'.</msg>
<arg>${PASS_WORD}</arg>
<arg>${passc}</arg>
<doc>Types the given ``text`` into the text field identified by ``locator``.</doc>
<status status="PASS" start="2025-06-07T17:45:20.647780" elapsed="0.064272"/>
</kw>
<kw name="Click Button" owner="SeleniumLibrary">
<msg time="2025-06-07T17:45:20.712835" level="INFO">Clicking button 'id:submit'.</msg>
<arg>${LOGIN_BUTTON}</arg>
<doc>Clicks the button identified by ``locator``.</doc>
<status status="PASS" start="2025-06-07T17:45:20.712289" elapsed="0.972749"/>
</kw>
<kw name="Click Element" owner="SeleniumLibrary">
<msg time="2025-06-07T17:45:21.685974" level="INFO">Clicking element 'xpath=//*[@id="menu-item-20"]'.</msg>
<arg>${PRACTICE_TAB}</arg>
<doc>Click the element identified by ``locator``.</doc>
<status status="PASS" start="2025-06-07T17:45:21.685566" elapsed="0.499512"/>
</kw>
<kw name="Wait Until Page Contains" owner="SeleniumLibrary">
<arg>Practice</arg>
<doc>Waits until ``text`` appears on the current page.</doc>
<status status="PASS" start="2025-06-07T17:45:22.185516" elapsed="0.017243"/>
</kw>
<kw name="Log" owner="BuiltIn">
<msg time="2025-06-07T17:45:22.203302" level="INFO">Capturing screenshot after successful Pracice</msg>
<arg>Capturing screenshot after successful Pracice</arg>
<doc>Logs the given message with the given level.</doc>
<status status="PASS" start="2025-06-07T17:45:22.203022" elapsed="0.000356"/>
</kw>
<kw name="Capture Page Screenshot" owner="SeleniumLibrary">
<msg time="2025-06-07T17:45:22.620003" level="INFO" html="true">&lt;/td&gt;&lt;/tr&gt;&lt;tr&gt;&lt;td colspan="3"&gt;&lt;a href="Navigate%20on%20Practice%20page_Edge.png"&gt;&lt;img src="Navigate%20on%20Practice%20page_Edge.png" width="800px"&gt;&lt;/a&gt;</msg>
<arg>${TEST_NAME}_${browser}.png</arg>
<doc>Takes a screenshot of the current page and embeds it into a log file.</doc>
<status status="PASS" start="2025-06-07T17:45:22.203556" elapsed="0.416637"/>
</kw>
<arg>student</arg>
<arg>Password123</arg>
<status status="PASS" start="2025-06-07T17:45:20.458143" elapsed="2.162234"/>
</kw>
<kw name="Teardown Actions" owner="TearDown" type="TEARDOWN">
<kw name="Close Browser" owner="SeleniumLibrary">
<doc>Closes the current browser.</doc>
<status status="PASS" start="2025-06-07T17:45:22.621490" elapsed="0.107466"/>
</kw>
<kw name="Log" owner="BuiltIn">
<msg time="2025-06-07T17:45:22.729825" level="INFO">Browser closed</msg>
<arg>Browser closed</arg>
<doc>Logs the given message with the given level.</doc>
<status status="PASS" start="2025-06-07T17:45:22.729331" elapsed="0.000669"/>
</kw>
<status status="PASS" start="2025-06-07T17:45:22.620858" elapsed="0.109320"/>
</kw>
<status status="PASS" start="2025-06-07T17:45:15.197131" elapsed="7.533177"/>
</test>
<status status="PASS" start="2025-06-07T17:45:07.007583" elapsed="15.724083"/>
</suite>
<doc>[https://pabot.org/?ref=log|Pabot] result from 2 executions.</doc>
<status status="PASS" start="2025-06-07T17:44:29.087000" elapsed="53.645000"/>
</suite>
<status status="PASS" start="2025-06-07T17:44:28.441363" elapsed="54.725772"/>
</suite>
<statistics>
<total>
<stat pass="18" fail="0" skip="0">All Tests</stat>
</total>
<tag>
<stat pass="3" fail="0" skip="0">Smoke_Test_Run_On_Chrome</stat>
<stat pass="3" fail="0" skip="0">Smoke_Test_Run_On_Edge</stat>
<stat pass="3" fail="0" skip="0">Smoke_Test_Run_On_Firefox</stat>
</tag>
<suite>
<stat name="MyAvia TestSuite WebApp &amp; MyAvia TestSuite WebApp &amp; MyAvia TestSuite WebApp" id="s1" pass="18" fail="0" skip="0">MyAvia TestSuite WebApp &amp; MyAvia TestSuite WebApp &amp; MyAvia TestSuite WebApp</stat>
<stat name="MyAvia TestSuite WebApp" id="s1-s1" pass="6" fail="0" skip="0">MyAvia TestSuite WebApp &amp; MyAvia TestSuite WebApp &amp; MyAvia TestSuite WebApp.MyAvia TestSuite WebApp</stat>
<stat name="Login" id="s1-s1-s1" pass="4" fail="0" skip="0">MyAvia TestSuite WebApp &amp; MyAvia TestSuite WebApp &amp; MyAvia TestSuite WebApp.MyAvia TestSuite WebApp.Login</stat>
<stat name="navigationOnHome" id="s1-s1-s2" pass="2" fail="0" skip="0">MyAvia TestSuite WebApp &amp; MyAvia TestSuite WebApp &amp; MyAvia TestSuite WebApp.MyAvia TestSuite WebApp.navigationOnHome</stat>
<stat name="MyAvia TestSuite WebApp" id="s1-s2" pass="6" fail="0" skip="0">MyAvia TestSuite WebApp &amp; MyAvia TestSuite WebApp &amp; MyAvia TestSuite WebApp.MyAvia TestSuite WebApp</stat>
<stat name="Login" id="s1-s2-s1" pass="4" fail="0" skip="0">MyAvia TestSuite WebApp &amp; MyAvia TestSuite WebApp &amp; MyAvia TestSuite WebApp.MyAvia TestSuite WebApp.Login</stat>
<stat name="navigationOnHome" id="s1-s2-s2" pass="2" fail="0" skip="0">MyAvia TestSuite WebApp &amp; MyAvia TestSuite WebApp &amp; MyAvia TestSuite WebApp.MyAvia TestSuite WebApp.navigationOnHome</stat>
<stat name="MyAvia TestSuite WebApp" id="s1-s3" pass="6" fail="0" skip="0">MyAvia TestSuite WebApp &amp; MyAvia TestSuite WebApp &amp; MyAvia TestSuite WebApp.MyAvia TestSuite WebApp</stat>
<stat name="Login" id="s1-s3-s1" pass="4" fail="0" skip="0">MyAvia TestSuite WebApp &amp; MyAvia TestSuite WebApp &amp; MyAvia TestSuite WebApp.MyAvia TestSuite WebApp.Login</stat>
<stat name="navigationOnHome" id="s1-s3-s2" pass="2" fail="0" skip="0">MyAvia TestSuite WebApp &amp; MyAvia TestSuite WebApp &amp; MyAvia TestSuite WebApp.MyAvia TestSuite WebApp.navigationOnHome</stat>
</suite>
</statistics>
<errors>
</errors>
</robot>
